{"/home/travis/build/npmtest/node-npmtest-broccoli/test.js":{"path":"/home/travis/build/npmtest/node-npmtest-broccoli/test.js","s":{"1":2,"2":2,"3":2,"4":2,"5":2,"6":2,"7":2,"8":1,"9":2,"10":2,"11":1,"12":1,"13":1,"14":1,"15":2,"16":2,"17":2,"18":2,"19":1,"20":1,"21":2,"22":2,"23":2,"24":1,"25":1,"26":1,"27":1,"28":1,"29":1,"30":1,"31":1,"32":1,"33":1,"34":1,"35":1,"36":1,"37":2,"38":2,"39":1,"40":2,"41":2,"42":1,"43":2,"44":2,"45":1,"46":2,"47":2,"48":1,"49":1,"50":1,"51":1,"52":1},"b":{"1":[2,1,1,1],"2":[1,1,1,1],"3":[1,1],"4":[1,1],"5":[1,1],"6":[1,1],"7":[1,1],"8":[1,1],"9":[1,1,1],"10":[1,1],"11":[1,1],"12":[1,1],"13":[1,1],"14":[1,1],"15":[1,1],"16":[1,1]},"f":{"1":2,"2":2,"3":2,"4":2,"5":2,"6":1,"7":1,"8":2,"9":2,"10":2,"11":2,"12":1},"fnMap":{"1":{"name":"(anonymous_1)","line":12,"loc":{"start":{"line":12,"column":1},"end":{"line":12,"column":13}}},"2":{"name":"(anonymous_2)","line":19,"loc":{"start":{"line":19,"column":5},"end":{"line":19,"column":17}}},"3":{"name":"(anonymous_3)","line":23,"loc":{"start":{"line":23,"column":24},"end":{"line":23,"column":36}}},"4":{"name":"(anonymous_4)","line":61,"loc":{"start":{"line":61,"column":5},"end":{"line":61,"column":17}}},"5":{"name":"(anonymous_5)","line":82,"loc":{"start":{"line":82,"column":5},"end":{"line":82,"column":17}}},"6":{"name":"(anonymous_6)","line":102,"loc":{"start":{"line":102,"column":83},"end":{"line":105,"column":10}},"skip":true},"7":{"name":"(anonymous_7)","line":113,"loc":{"start":{"line":113,"column":77},"end":{"line":116,"column":10}},"skip":true},"8":{"name":"(anonymous_8)","line":129,"loc":{"start":{"line":129,"column":12},"end":{"line":129,"column":40}},"skip":true},"9":{"name":"(anonymous_9)","line":137,"loc":{"start":{"line":137,"column":77},"end":{"line":140,"column":10}},"skip":true},"10":{"name":"(anonymous_10)","line":148,"loc":{"start":{"line":148,"column":83},"end":{"line":151,"column":10}},"skip":true},"11":{"name":"(anonymous_11)","line":159,"loc":{"start":{"line":159,"column":79},"end":{"line":162,"column":10}},"skip":true},"12":{"name":"(anonymous_12)","line":170,"loc":{"start":{"line":170,"column":75},"end":{"line":173,"column":10}},"skip":true}},"statementMap":{"1":{"start":{"line":12,"column":0},"end":{"line":185,"column":5}},"2":{"start":{"line":14,"column":4},"end":{"line":14,"column":14}},"3":{"start":{"line":19,"column":4},"end":{"line":56,"column":9}},"4":{"start":{"line":21,"column":8},"end":{"line":21,"column":19}},"5":{"start":{"line":23,"column":8},"end":{"line":35,"column":13}},"6":{"start":{"line":24,"column":12},"end":{"line":34,"column":13}},"7":{"start":{"line":25,"column":16},"end":{"line":28,"column":30}},"8":{"start":{"line":30,"column":16},"end":{"line":33,"column":27}},"9":{"start":{"line":37,"column":8},"end":{"line":39,"column":21}},"10":{"start":{"line":40,"column":8},"end":{"line":53,"column":9}},"11":{"start":{"line":43,"column":12},"end":{"line":46,"column":14}},"12":{"start":{"line":47,"column":12},"end":{"line":47,"column":18}},"13":{"start":{"line":50,"column":12},"end":{"line":51,"column":46}},"14":{"start":{"line":52,"column":12},"end":{"line":52,"column":18}},"15":{"start":{"line":55,"column":8},"end":{"line":55,"column":35}},"16":{"start":{"line":61,"column":4},"end":{"line":63,"column":9}},"17":{"start":{"line":62,"column":8},"end":{"line":62,"column":15}},"18":{"start":{"line":64,"column":4},"end":{"line":77,"column":5}},"19":{"start":{"line":70,"column":8},"end":{"line":70,"column":14}},"20":{"start":{"line":76,"column":8},"end":{"line":76,"column":14}},"21":{"start":{"line":82,"column":4},"end":{"line":84,"column":9}},"22":{"start":{"line":83,"column":8},"end":{"line":83,"column":15}},"23":{"start":{"line":85,"column":4},"end":{"line":184,"column":5}},"24":{"start":{"line":92,"column":8},"end":{"line":94,"column":63}},"25":{"start":{"line":95,"column":8},"end":{"line":95,"column":14}},"26":{"start":{"line":102,"column":8},"end":{"line":111,"column":10},"skip":true},"27":{"start":{"line":109,"column":12},"end":{"line":109,"column":55},"skip":true},"28":{"start":{"line":110,"column":12},"end":{"line":110,"column":48},"skip":true},"29":{"start":{"line":113,"column":8},"end":{"line":126,"column":10},"skip":true},"30":{"start":{"line":120,"column":12},"end":{"line":120,"column":76},"skip":true},"31":{"start":{"line":121,"column":12},"end":{"line":121,"column":73},"skip":true},"32":{"start":{"line":122,"column":12},"end":{"line":122,"column":74},"skip":true},"33":{"start":{"line":123,"column":12},"end":{"line":123,"column":79},"skip":true},"34":{"start":{"line":124,"column":12},"end":{"line":124,"column":25},"skip":true},"35":{"start":{"line":125,"column":12},"end":{"line":125,"column":45},"skip":true},"36":{"start":{"line":128,"column":8},"end":{"line":135,"column":14},"skip":true},"37":{"start":{"line":133,"column":16},"end":{"line":133,"column":29},"skip":true},"38":{"start":{"line":134,"column":16},"end":{"line":134,"column":55},"skip":true},"39":{"start":{"line":137,"column":8},"end":{"line":146,"column":10},"skip":true},"40":{"start":{"line":144,"column":12},"end":{"line":144,"column":25},"skip":true},"41":{"start":{"line":145,"column":12},"end":{"line":145,"column":45},"skip":true},"42":{"start":{"line":148,"column":8},"end":{"line":157,"column":10},"skip":true},"43":{"start":{"line":155,"column":12},"end":{"line":155,"column":25},"skip":true},"44":{"start":{"line":156,"column":12},"end":{"line":156,"column":48},"skip":true},"45":{"start":{"line":159,"column":8},"end":{"line":168,"column":10},"skip":true},"46":{"start":{"line":166,"column":12},"end":{"line":166,"column":25},"skip":true},"47":{"start":{"line":167,"column":12},"end":{"line":167,"column":46},"skip":true},"48":{"start":{"line":170,"column":8},"end":{"line":179,"column":10},"skip":true},"49":{"start":{"line":177,"column":12},"end":{"line":177,"column":94},"skip":true},"50":{"start":{"line":178,"column":12},"end":{"line":178,"column":48},"skip":true},"51":{"start":{"line":182,"column":8},"end":{"line":182,"column":35},"skip":true},"52":{"start":{"line":183,"column":8},"end":{"line":183,"column":14},"skip":true}},"branchMap":{"1":{"line":25,"type":"binary-expr","locations":[{"start":{"line":25,"column":23},"end":{"line":25,"column":62}},{"start":{"line":26,"column":20},"end":{"line":26,"column":70}},{"start":{"line":27,"column":20},"end":{"line":27,"column":71}},{"start":{"line":28,"column":20},"end":{"line":28,"column":29}}]},"2":{"line":30,"type":"binary-expr","locations":[{"start":{"line":30,"column":23},"end":{"line":30,"column":37}},{"start":{"line":31,"column":20},"end":{"line":31,"column":61}},{"start":{"line":32,"column":20},"end":{"line":32,"column":70}},{"start":{"line":33,"column":20},"end":{"line":33,"column":26}}]},"3":{"line":37,"type":"cond-expr","locations":[{"start":{"line":38,"column":14},"end":{"line":38,"column":20}},{"start":{"line":39,"column":14},"end":{"line":39,"column":20}}]},"4":{"line":40,"type":"switch","locations":[{"start":{"line":42,"column":8},"end":{"line":47,"column":18}},{"start":{"line":49,"column":8},"end":{"line":52,"column":18}}]},"5":{"line":44,"type":"binary-expr","locations":[{"start":{"line":44,"column":16},"end":{"line":44,"column":44}},{"start":{"line":44,"column":48},"end":{"line":44,"column":66}}]},"6":{"line":50,"type":"binary-expr","locations":[{"start":{"line":50,"column":21},"end":{"line":50,"column":49}},{"start":{"line":50,"column":53},"end":{"line":50,"column":72}}]},"7":{"line":64,"type":"switch","locations":[{"start":{"line":69,"column":4},"end":{"line":70,"column":14}},{"start":{"line":75,"column":4},"end":{"line":76,"column":14}}]},"8":{"line":85,"type":"switch","locations":[{"start":{"line":90,"column":4},"end":{"line":95,"column":14}},{"start":{"line":101,"column":4},"end":{"line":183,"column":14},"skip":true}]},"9":{"line":92,"type":"binary-expr","locations":[{"start":{"line":92,"column":18},"end":{"line":92,"column":32}},{"start":{"line":93,"column":12},"end":{"line":93,"column":53}},{"start":{"line":94,"column":12},"end":{"line":94,"column":61}}]},"10":{"line":102,"type":"binary-expr","locations":[{"start":{"line":102,"column":45},"end":{"line":102,"column":79},"skip":true},{"start":{"line":102,"column":83},"end":{"line":111,"column":9},"skip":true}]},"11":{"line":113,"type":"binary-expr","locations":[{"start":{"line":113,"column":42},"end":{"line":113,"column":73},"skip":true},{"start":{"line":113,"column":77},"end":{"line":126,"column":9},"skip":true}]},"12":{"line":128,"type":"binary-expr","locations":[{"start":{"line":128,"column":48},"end":{"line":128,"column":85},"skip":true},{"start":{"line":129,"column":12},"end":{"line":135,"column":13},"skip":true}]},"13":{"line":137,"type":"binary-expr","locations":[{"start":{"line":137,"column":42},"end":{"line":137,"column":73},"skip":true},{"start":{"line":137,"column":77},"end":{"line":146,"column":9},"skip":true}]},"14":{"line":148,"type":"binary-expr","locations":[{"start":{"line":148,"column":45},"end":{"line":148,"column":79},"skip":true},{"start":{"line":148,"column":83},"end":{"line":157,"column":9},"skip":true}]},"15":{"line":159,"type":"binary-expr","locations":[{"start":{"line":159,"column":43},"end":{"line":159,"column":75},"skip":true},{"start":{"line":159,"column":79},"end":{"line":168,"column":9},"skip":true}]},"16":{"line":170,"type":"binary-expr","locations":[{"start":{"line":170,"column":41},"end":{"line":170,"column":71},"skip":true},{"start":{"line":170,"column":75},"end":{"line":179,"column":9},"skip":true}]}},"code":["/* istanbul instrument in package npmtest_broccoli */","/*jslint","    bitwise: true,","    browser: true,","    maxerr: 8,","    maxlen: 96,","    node: true,","    nomen: true,","    regexp: true,","    stupid: true","*/","(function () {","    'use strict';","    var local;","","","","    // run shared js-env code - pre-init","    (function () {","        // init local","        local = {};","        // init modeJs","        local.modeJs = (function () {","            try {","                return typeof navigator.userAgent === 'string' &&","                    typeof document.querySelector('body') === 'object' &&","                    typeof XMLHttpRequest.prototype.open === 'function' &&","                    'browser';","            } catch (errorCaughtBrowser) {","                return module.exports &&","                    typeof process.versions.node === 'string' &&","                    typeof require('http').createServer === 'function' &&","                    'node';","            }","        }());","        // init global","        local.global = local.modeJs === 'browser'","            ? window","            : global;","        switch (local.modeJs) {","        // re-init local from window.local","        case 'browser':","            local = local.global.utility2.objectSetDefault(","                local.global.utility2_rollup || local.global.local,","                local.global.utility2","            );","            break;","        // re-init local from example.js","        case 'node':","            local = (local.global.utility2_rollup || require('utility2'))","                .requireExampleJsFromReadme();","            break;","        }","        // export local","        local.global.local = local;","    }());","","","","    // run shared js-env code - function","    (function () {","        return;","    }());","    switch (local.modeJs) {","","","","    // run browser js-env code - function","    case 'browser':","        break;","","","","    // run node js-env code - function","    case 'node':","        break;","    }","","","","    // run shared js-env code - post-init","    (function () {","        return;","    }());","    switch (local.modeJs) {","","","","    // run browser js-env code - post-init","    case 'browser':","        // run tests","        local.nop(local.modeTest &&","            document.querySelector('#testRunButton1') &&","            document.querySelector('#testRunButton1').click());","        break;","","","","    // run node js-env code - post-init","    /* istanbul ignore next */","    case 'node':","        local.testCase_buildApidoc_default = local.testCase_buildApidoc_default || function (","            options,","            onError","        ) {","        /*","         * this function will test buildApidoc's default handling-behavior-behavior","         */","            options = { modulePathList: module.paths };","            local.buildApidoc(options, onError);","        };","","        local.testCase_buildApp_default = local.testCase_buildApp_default || function (","            options,","            onError","        ) {","        /*","         * this function will test buildApp's default handling-behavior-behavior","         */","            local.testCase_buildReadme_default(options, local.onErrorThrow);","            local.testCase_buildLib_default(options, local.onErrorThrow);","            local.testCase_buildTest_default(options, local.onErrorThrow);","            local.testCase_buildCustomOrg_default(options, local.onErrorThrow);","            options = [];","            local.buildApp(options, onError);","        };","","        local.testCase_buildCustomOrg_default = local.testCase_buildCustomOrg_default ||","            function (options, onError) {","            /*","             * this function will test buildCustomOrg's default handling-behavior","             */","                options = {};","                local.buildCustomOrg(options, onError);","            };","","        local.testCase_buildLib_default = local.testCase_buildLib_default || function (","            options,","            onError","        ) {","        /*","         * this function will test buildLib's default handling-behavior","         */","            options = {};","            local.buildLib(options, onError);","        };","","        local.testCase_buildReadme_default = local.testCase_buildReadme_default || function (","            options,","            onError","        ) {","        /*","         * this function will test buildReadme's default handling-behavior-behavior","         */","            options = {};","            local.buildReadme(options, onError);","        };","","        local.testCase_buildTest_default = local.testCase_buildTest_default || function (","            options,","            onError","        ) {","        /*","         * this function will test buildTest's default handling-behavior","         */","            options = {};","            local.buildTest(options, onError);","        };","","        local.testCase_webpage_default = local.testCase_webpage_default || function (","            options,","            onError","        ) {","        /*","         * this function will test webpage's default handling-behavior","         */","            options = { modeCoverageMerge: true, url: local.serverLocalHost + '?modeTest=1' };","            local.browserTest(options, onError);","        };","","        // run test-server","        local.testRunServer(local);","        break;","    }","}());",""],"l":{"12":2,"14":2,"19":2,"21":2,"23":2,"24":2,"25":2,"30":1,"37":2,"40":2,"43":1,"47":1,"50":1,"52":1,"55":2,"61":2,"62":2,"64":2,"70":1,"76":1,"82":2,"83":2,"85":2,"92":1,"95":1,"102":1,"109":1,"110":1,"113":1,"120":1,"121":1,"122":1,"123":1,"124":1,"125":1,"128":1,"133":2,"134":2,"137":1,"144":2,"145":2,"148":1,"155":2,"156":2,"159":1,"166":2,"167":2,"170":1,"177":1,"178":1,"182":1,"183":1}},"/home/travis/build/npmtest/node-npmtest-broccoli/lib.npmtest_broccoli.js":{"path":"/home/travis/build/npmtest/node-npmtest-broccoli/lib.npmtest_broccoli.js","s":{"1":2,"2":2,"3":2,"4":2,"5":2,"6":2,"7":2,"8":1,"9":2,"10":2,"11":2,"12":2,"13":1,"14":1,"15":1,"16":1},"b":{"1":[2,1,1,1],"2":[1,1,1,1],"3":[1,1],"4":[2,2],"5":[1,1]},"f":{"1":2,"2":2,"3":2},"fnMap":{"1":{"name":"(anonymous_1)","line":12,"loc":{"start":{"line":12,"column":1},"end":{"line":12,"column":13}}},"2":{"name":"(anonymous_2)","line":19,"loc":{"start":{"line":19,"column":5},"end":{"line":19,"column":17}}},"3":{"name":"(anonymous_3)","line":23,"loc":{"start":{"line":23,"column":24},"end":{"line":23,"column":36}}}},"statementMap":{"1":{"start":{"line":12,"column":0},"end":{"line":53,"column":5}},"2":{"start":{"line":14,"column":4},"end":{"line":14,"column":14}},"3":{"start":{"line":19,"column":4},"end":{"line":52,"column":9}},"4":{"start":{"line":21,"column":8},"end":{"line":21,"column":19}},"5":{"start":{"line":23,"column":8},"end":{"line":35,"column":13}},"6":{"start":{"line":24,"column":12},"end":{"line":34,"column":13}},"7":{"start":{"line":25,"column":16},"end":{"line":28,"column":30}},"8":{"start":{"line":30,"column":16},"end":{"line":33,"column":27}},"9":{"start":{"line":37,"column":8},"end":{"line":39,"column":21}},"10":{"start":{"line":41,"column":8},"end":{"line":41,"column":54}},"11":{"start":{"line":43,"column":8},"end":{"line":43,"column":53}},"12":{"start":{"line":45,"column":8},"end":{"line":51,"column":9}},"13":{"start":{"line":46,"column":12},"end":{"line":46,"column":59}},"14":{"start":{"line":48,"column":12},"end":{"line":48,"column":35}},"15":{"start":{"line":49,"column":12},"end":{"line":49,"column":49}},"16":{"start":{"line":50,"column":12},"end":{"line":50,"column":43}}},"branchMap":{"1":{"line":25,"type":"binary-expr","locations":[{"start":{"line":25,"column":23},"end":{"line":25,"column":62}},{"start":{"line":26,"column":20},"end":{"line":26,"column":70}},{"start":{"line":27,"column":20},"end":{"line":27,"column":71}},{"start":{"line":28,"column":20},"end":{"line":28,"column":29}}]},"2":{"line":30,"type":"binary-expr","locations":[{"start":{"line":30,"column":23},"end":{"line":30,"column":37}},{"start":{"line":31,"column":20},"end":{"line":31,"column":61}},{"start":{"line":32,"column":20},"end":{"line":32,"column":70}},{"start":{"line":33,"column":20},"end":{"line":33,"column":26}}]},"3":{"line":37,"type":"cond-expr","locations":[{"start":{"line":38,"column":14},"end":{"line":38,"column":20}},{"start":{"line":39,"column":14},"end":{"line":39,"column":20}}]},"4":{"line":41,"type":"binary-expr","locations":[{"start":{"line":41,"column":16},"end":{"line":41,"column":44}},{"start":{"line":41,"column":48},"end":{"line":41,"column":53}}]},"5":{"line":45,"type":"if","locations":[{"start":{"line":45,"column":8},"end":{"line":45,"column":8}},{"start":{"line":45,"column":8},"end":{"line":45,"column":8}}]}},"code":["/* istanbul instrument in package npmtest_broccoli */","/*jslint","    bitwise: true,","    browser: true,","    maxerr: 8,","    maxlen: 96,","    node: true,","    nomen: true,","    regexp: true,","    stupid: true","*/","(function () {","    'use strict';","    var local;","","","","    // run shared js-env code - pre-init","    (function () {","        // init local","        local = {};","        // init modeJs","        local.modeJs = (function () {","            try {","                return typeof navigator.userAgent === 'string' &&","                    typeof document.querySelector('body') === 'object' &&","                    typeof XMLHttpRequest.prototype.open === 'function' &&","                    'browser';","            } catch (errorCaughtBrowser) {","                return module.exports &&","                    typeof process.versions.node === 'string' &&","                    typeof require('http').createServer === 'function' &&","                    'node';","            }","        }());","        // init global","        local.global = local.modeJs === 'browser'","            ? window","            : global;","        // init utility2_rollup","        local = local.global.utility2_rollup || local;","        // init lib","        local.local = local.npmtest_broccoli = local;","        // init exports","        if (local.modeJs === 'browser') {","            local.global.utility2_npmtest_broccoli = local;","        } else {","            module.exports = local;","            module.exports.__dirname = __dirname;","            module.exports.module = module;","        }","    }());","}());",""],"l":{"12":2,"14":2,"19":2,"21":2,"23":2,"24":2,"25":2,"30":1,"37":2,"41":2,"43":2,"45":2,"46":1,"48":1,"49":1,"50":1}},"/home/travis/build/npmtest/node-npmtest-broccoli/example.js":{"path":"/home/travis/build/npmtest/node-npmtest-broccoli/example.js","s":{"1":2,"2":2,"3":2,"4":2,"5":2,"6":2,"7":2,"8":1,"9":2,"10":2,"11":2,"12":2,"13":1,"14":2,"15":2,"16":2,"17":2,"18":2,"19":0,"20":2,"21":1,"22":1,"23":1,"24":1,"25":1,"26":0,"27":0,"28":1,"29":1,"30":2,"31":0,"32":0,"33":0,"34":1,"35":2,"36":2,"37":2,"38":2,"39":2,"40":2,"41":0,"42":2,"43":2,"44":2,"45":1,"46":3,"47":1,"48":1,"49":1,"50":1,"51":1,"52":1,"53":1,"54":1,"55":1,"56":1,"57":0,"58":1,"59":6,"60":6,"61":1,"62":2,"63":0,"64":2,"65":1,"66":1,"67":0,"68":0,"69":0,"70":0,"71":0,"72":0,"73":0,"74":0,"75":0,"76":0,"77":0,"78":0,"79":0,"80":0,"81":0,"82":0,"83":0},"b":{"1":[2,1,1,1],"2":[1,1,1,1],"3":[1,1],"4":[2,2],"5":[1,1],"6":[1,1],"7":[2,0],"8":[2,1,1,1,1,1],"9":[0,2,0],"10":[1,1],"11":[2,1,1],"12":[1,0],"13":[0,2],"14":[2,0,0,0,0,0,0],"15":[0,2],"16":[2,0],"17":[1,1],"18":[0,1],"19":[1,2,0,2],"20":[1,0],"21":[1,1],"22":[0,0],"23":[0,0],"24":[0,0],"25":[0,0],"26":[0,0],"27":[0,0],"28":[0,0]},"f":{"1":2,"2":2,"3":2,"4":2,"5":2,"6":2,"7":2,"8":2,"9":3,"10":1,"11":6,"12":0},"fnMap":{"1":{"name":"(anonymous_1)","line":26,"loc":{"start":{"line":26,"column":1},"end":{"line":26,"column":13}}},"2":{"name":"(anonymous_2)","line":33,"loc":{"start":{"line":33,"column":5},"end":{"line":33,"column":17}}},"3":{"name":"(anonymous_3)","line":37,"loc":{"start":{"line":37,"column":24},"end":{"line":37,"column":36}}},"4":{"name":"(anonymous_4)","line":69,"loc":{"start":{"line":69,"column":31},"end":{"line":69,"column":48}},"skip":true},"5":{"name":"(anonymous_5)","line":78,"loc":{"start":{"line":78,"column":26},"end":{"line":78,"column":45}},"skip":true},"6":{"name":"(anonymous_6)","line":123,"loc":{"start":{"line":123,"column":33},"end":{"line":123,"column":48}},"skip":true},"7":{"name":"(anonymous_7)","line":125,"loc":{"start":{"line":125,"column":27},"end":{"line":125,"column":39}},"skip":true},"8":{"name":"(anonymous_8)","line":133,"loc":{"start":{"line":133,"column":59},"end":{"line":133,"column":74}},"skip":true},"9":{"name":"(anonymous_9)","line":143,"loc":{"start":{"line":143,"column":45},"end":{"line":143,"column":62}},"skip":true},"10":{"name":"(anonymous_10)","line":144,"loc":{"start":{"line":144,"column":73},"end":{"line":144,"column":92}},"skip":true},"11":{"name":"(anonymous_11)","line":272,"loc":{"start":{"line":272,"column":51},"end":{"line":272,"column":77}},"skip":true},"12":{"name":"(anonymous_12)","line":314,"loc":{"start":{"line":314,"column":32},"end":{"line":314,"column":61}},"skip":true}},"statementMap":{"1":{"start":{"line":26,"column":0},"end":{"line":325,"column":5}},"2":{"start":{"line":28,"column":4},"end":{"line":28,"column":14}},"3":{"start":{"line":33,"column":4},"end":{"line":60,"column":9}},"4":{"start":{"line":35,"column":8},"end":{"line":35,"column":19}},"5":{"start":{"line":37,"column":8},"end":{"line":49,"column":13}},"6":{"start":{"line":38,"column":12},"end":{"line":48,"column":13}},"7":{"start":{"line":39,"column":16},"end":{"line":42,"column":30}},"8":{"start":{"line":44,"column":16},"end":{"line":47,"column":27}},"9":{"start":{"line":51,"column":8},"end":{"line":53,"column":21}},"10":{"start":{"line":55,"column":8},"end":{"line":57,"column":45}},"11":{"start":{"line":59,"column":8},"end":{"line":59,"column":35}},"12":{"start":{"line":61,"column":4},"end":{"line":324,"column":5}},"13":{"start":{"line":69,"column":8},"end":{"line":121,"column":10},"skip":true},"14":{"start":{"line":70,"column":12},"end":{"line":88,"column":13},"skip":true},"15":{"start":{"line":76,"column":16},"end":{"line":87,"column":19},"skip":true},"16":{"start":{"line":79,"column":20},"end":{"line":86,"column":21},"skip":true},"17":{"start":{"line":82,"column":24},"end":{"line":82,"column":43},"skip":true},"18":{"start":{"line":83,"column":24},"end":{"line":83,"column":30},"skip":true},"19":{"start":{"line":85,"column":24},"end":{"line":85,"column":49},"skip":true},"20":{"start":{"line":89,"column":12},"end":{"line":107,"column":13},"skip":true},"21":{"start":{"line":92,"column":16},"end":{"line":102,"column":17},"skip":true},"22":{"start":{"line":93,"column":20},"end":{"line":93,"column":86},"skip":true},"23":{"start":{"line":94,"column":20},"end":{"line":95,"column":45},"skip":true},"24":{"start":{"line":96,"column":20},"end":{"line":96,"column":42},"skip":true},"25":{"start":{"line":97,"column":20},"end":{"line":97,"column":48},"skip":true},"26":{"start":{"line":100,"column":20},"end":{"line":100,"column":85},"skip":true},"27":{"start":{"line":101,"column":20},"end":{"line":101,"column":96},"skip":true},"28":{"start":{"line":103,"column":16},"end":{"line":103,"column":22},"skip":true},"29":{"start":{"line":106,"column":16},"end":{"line":106,"column":22},"skip":true},"30":{"start":{"line":108,"column":12},"end":{"line":120,"column":13},"skip":true},"31":{"start":{"line":114,"column":16},"end":{"line":119,"column":17},"skip":true},"32":{"start":{"line":116,"column":20},"end":{"line":116,"column":78},"skip":true},"33":{"start":{"line":118,"column":20},"end":{"line":118,"column":53},"skip":true},"34":{"start":{"line":123,"column":8},"end":{"line":141,"column":11},"skip":true},"35":{"start":{"line":124,"column":12},"end":{"line":124,"column":54},"skip":true},"36":{"start":{"line":125,"column":12},"end":{"line":140,"column":14},"skip":true},"37":{"start":{"line":126,"column":16},"end":{"line":126,"column":28},"skip":true},"38":{"start":{"line":127,"column":16},"end":{"line":127,"column":69},"skip":true},"39":{"start":{"line":128,"column":16},"end":{"line":128,"column":75},"skip":true},"40":{"start":{"line":129,"column":16},"end":{"line":131,"column":17},"skip":true},"41":{"start":{"line":130,"column":20},"end":{"line":130,"column":27},"skip":true},"42":{"start":{"line":133,"column":16},"end":{"line":137,"column":36},"skip":true},"43":{"start":{"line":134,"column":20},"end":{"line":136,"column":55},"skip":true},"44":{"start":{"line":139,"column":16},"end":{"line":139,"column":57},"skip":true},"45":{"start":{"line":143,"column":8},"end":{"line":147,"column":11},"skip":true},"46":{"start":{"line":144,"column":12},"end":{"line":146,"column":15},"skip":true},"47":{"start":{"line":145,"column":16},"end":{"line":145,"column":70},"skip":true},"48":{"start":{"line":149,"column":8},"end":{"line":149,"column":31},"skip":true},"49":{"start":{"line":150,"column":8},"end":{"line":150,"column":14},"skip":true},"50":{"start":{"line":158,"column":8},"end":{"line":158,"column":31},"skip":true},"51":{"start":{"line":160,"column":8},"end":{"line":160,"column":33},"skip":true},"52":{"start":{"line":161,"column":8},"end":{"line":161,"column":37},"skip":true},"53":{"start":{"line":162,"column":8},"end":{"line":162,"column":35},"skip":true},"54":{"start":{"line":164,"column":8},"end":{"line":164,"column":50},"skip":true},"55":{"start":{"line":166,"column":8},"end":{"line":256,"column":2},"skip":true},"56":{"start":{"line":258,"column":8},"end":{"line":286,"column":9},"skip":true},"57":{"start":{"line":259,"column":12},"end":{"line":269,"column":14},"skip":true},"58":{"start":{"line":271,"column":12},"end":{"line":285,"column":19},"skip":true},"59":{"start":{"line":274,"column":20},"end":{"line":274,"column":35},"skip":true},"60":{"start":{"line":275,"column":20},"end":{"line":284,"column":21},"skip":true},"61":{"start":{"line":277,"column":24},"end":{"line":277,"column":64},"skip":true},"62":{"start":{"line":279,"column":24},"end":{"line":279,"column":40},"skip":true},"63":{"start":{"line":281,"column":24},"end":{"line":281,"column":40},"skip":true},"64":{"start":{"line":283,"column":24},"end":{"line":283,"column":39},"skip":true},"65":{"start":{"line":288,"column":8},"end":{"line":290,"column":9},"skip":true},"66":{"start":{"line":289,"column":12},"end":{"line":289,"column":18},"skip":true},"67":{"start":{"line":291,"column":8},"end":{"line":293,"column":54},"skip":true},"68":{"start":{"line":294,"column":8},"end":{"line":301,"column":37},"skip":true},"69":{"start":{"line":302,"column":8},"end":{"line":302,"column":82},"skip":true},"70":{"start":{"line":305,"column":8},"end":{"line":307,"column":9},"skip":true},"71":{"start":{"line":306,"column":12},"end":{"line":306,"column":82},"skip":true},"72":{"start":{"line":309,"column":8},"end":{"line":311,"column":9},"skip":true},"73":{"start":{"line":310,"column":12},"end":{"line":310,"column":18},"skip":true},"74":{"start":{"line":312,"column":8},"end":{"line":312,"column":54},"skip":true},"75":{"start":{"line":313,"column":8},"end":{"line":313,"column":69},"skip":true},"76":{"start":{"line":314,"column":8},"end":{"line":322,"column":36},"skip":true},"77":{"start":{"line":315,"column":12},"end":{"line":315,"column":61},"skip":true},"78":{"start":{"line":316,"column":12},"end":{"line":319,"column":13},"skip":true},"79":{"start":{"line":317,"column":16},"end":{"line":317,"column":75},"skip":true},"80":{"start":{"line":318,"column":16},"end":{"line":318,"column":23},"skip":true},"81":{"start":{"line":320,"column":12},"end":{"line":320,"column":38},"skip":true},"82":{"start":{"line":321,"column":12},"end":{"line":321,"column":27},"skip":true},"83":{"start":{"line":323,"column":8},"end":{"line":323,"column":14},"skip":true}},"branchMap":{"1":{"line":39,"type":"binary-expr","locations":[{"start":{"line":39,"column":23},"end":{"line":39,"column":62}},{"start":{"line":40,"column":20},"end":{"line":40,"column":70}},{"start":{"line":41,"column":20},"end":{"line":41,"column":71}},{"start":{"line":42,"column":20},"end":{"line":42,"column":29}}]},"2":{"line":44,"type":"binary-expr","locations":[{"start":{"line":44,"column":23},"end":{"line":44,"column":37}},{"start":{"line":45,"column":20},"end":{"line":45,"column":61}},{"start":{"line":46,"column":20},"end":{"line":46,"column":70}},{"start":{"line":47,"column":20},"end":{"line":47,"column":26}}]},"3":{"line":51,"type":"cond-expr","locations":[{"start":{"line":52,"column":14},"end":{"line":52,"column":20}},{"start":{"line":53,"column":14},"end":{"line":53,"column":20}}]},"4":{"line":55,"type":"binary-expr","locations":[{"start":{"line":55,"column":16},"end":{"line":55,"column":44}},{"start":{"line":55,"column":49},"end":{"line":57,"column":43}}]},"5":{"line":55,"type":"cond-expr","locations":[{"start":{"line":56,"column":14},"end":{"line":56,"column":52}},{"start":{"line":57,"column":14},"end":{"line":57,"column":43}}]},"6":{"line":61,"type":"switch","locations":[{"start":{"line":68,"column":4},"end":{"line":150,"column":14},"skip":true},{"start":{"line":156,"column":4},"end":{"line":323,"column":14},"skip":true}]},"7":{"line":70,"type":"if","locations":[{"start":{"line":70,"column":12},"end":{"line":70,"column":12},"skip":true},{"start":{"line":70,"column":12},"end":{"line":70,"column":12},"skip":true}]},"8":{"line":70,"type":"binary-expr","locations":[{"start":{"line":70,"column":16},"end":{"line":70,"column":22},"skip":true},{"start":{"line":70,"column":27},"end":{"line":70,"column":32},"skip":true},{"start":{"line":71,"column":20},"end":{"line":71,"column":39},"skip":true},{"start":{"line":72,"column":20},"end":{"line":72,"column":49},"skip":true},{"start":{"line":73,"column":20},"end":{"line":73,"column":58},"skip":true},{"start":{"line":74,"column":20},"end":{"line":74,"column":69},"skip":true}]},"9":{"line":79,"type":"switch","locations":[{"start":{"line":80,"column":20},"end":{"line":80,"column":33},"skip":true},{"start":{"line":81,"column":20},"end":{"line":83,"column":30},"skip":true},{"start":{"line":84,"column":20},"end":{"line":85,"column":49},"skip":true}]},"10":{"line":89,"type":"switch","locations":[{"start":{"line":90,"column":12},"end":{"line":103,"column":22},"skip":true},{"start":{"line":105,"column":12},"end":{"line":106,"column":22},"skip":true}]},"11":{"line":89,"type":"binary-expr","locations":[{"start":{"line":89,"column":20},"end":{"line":89,"column":25},"skip":true},{"start":{"line":89,"column":29},"end":{"line":89,"column":48},"skip":true},{"start":{"line":89,"column":52},"end":{"line":89,"column":74},"skip":true}]},"12":{"line":92,"type":"if","locations":[{"start":{"line":92,"column":16},"end":{"line":92,"column":16},"skip":true},{"start":{"line":92,"column":16},"end":{"line":92,"column":16},"skip":true}]},"13":{"line":108,"type":"if","locations":[{"start":{"line":108,"column":12},"end":{"line":108,"column":12},"skip":true},{"start":{"line":108,"column":12},"end":{"line":108,"column":12},"skip":true}]},"14":{"line":108,"type":"binary-expr","locations":[{"start":{"line":108,"column":16},"end":{"line":108,"column":61},"skip":true},{"start":{"line":108,"column":66},"end":{"line":108,"column":72},"skip":true},{"start":{"line":108,"column":77},"end":{"line":108,"column":82},"skip":true},{"start":{"line":109,"column":20},"end":{"line":109,"column":39},"skip":true},{"start":{"line":110,"column":20},"end":{"line":110,"column":49},"skip":true},{"start":{"line":111,"column":20},"end":{"line":111,"column":58},"skip":true},{"start":{"line":112,"column":20},"end":{"line":112,"column":68},"skip":true}]},"15":{"line":129,"type":"if","locations":[{"start":{"line":129,"column":16},"end":{"line":129,"column":16},"skip":true},{"start":{"line":129,"column":16},"end":{"line":129,"column":16},"skip":true}]},"16":{"line":134,"type":"cond-expr","locations":[{"start":{"line":135,"column":26},"end":{"line":135,"column":29},"skip":true},{"start":{"line":136,"column":26},"end":{"line":136,"column":54},"skip":true}]},"17":{"line":164,"type":"binary-expr","locations":[{"start":{"line":164,"column":27},"end":{"line":164,"column":43},"skip":true},{"start":{"line":164,"column":47},"end":{"line":164,"column":49},"skip":true}]},"18":{"line":258,"type":"if","locations":[{"start":{"line":258,"column":8},"end":{"line":258,"column":8},"skip":true},{"start":{"line":258,"column":8},"end":{"line":258,"column":8},"skip":true}]},"19":{"line":275,"type":"switch","locations":[{"start":{"line":276,"column":20},"end":{"line":277,"column":64},"skip":true},{"start":{"line":278,"column":20},"end":{"line":279,"column":40},"skip":true},{"start":{"line":280,"column":20},"end":{"line":281,"column":40},"skip":true},{"start":{"line":282,"column":20},"end":{"line":283,"column":39},"skip":true}]},"20":{"line":288,"type":"if","locations":[{"start":{"line":288,"column":8},"end":{"line":288,"column":8},"skip":true},{"start":{"line":288,"column":8},"end":{"line":288,"column":8},"skip":true}]},"21":{"line":288,"type":"binary-expr","locations":[{"start":{"line":288,"column":12},"end":{"line":288,"column":40},"skip":true},{"start":{"line":288,"column":44},"end":{"line":288,"column":67},"skip":true}]},"22":{"line":292,"type":"binary-expr","locations":[{"start":{"line":292,"column":12},"end":{"line":292,"column":50},"skip":true},{"start":{"line":293,"column":12},"end":{"line":293,"column":53},"skip":true}]},"23":{"line":295,"type":"binary-expr","locations":[{"start":{"line":295,"column":12},"end":{"line":295,"column":66},"skip":true},{"start":{"line":296,"column":12},"end":{"line":301,"column":36},"skip":true}]},"24":{"line":302,"type":"binary-expr","locations":[{"start":{"line":302,"column":43},"end":{"line":302,"column":75},"skip":true},{"start":{"line":302,"column":79},"end":{"line":302,"column":81},"skip":true}]},"25":{"line":305,"type":"if","locations":[{"start":{"line":305,"column":8},"end":{"line":305,"column":8},"skip":true},{"start":{"line":305,"column":8},"end":{"line":305,"column":8},"skip":true}]},"26":{"line":309,"type":"if","locations":[{"start":{"line":309,"column":8},"end":{"line":309,"column":8},"skip":true},{"start":{"line":309,"column":8},"end":{"line":309,"column":8},"skip":true}]},"27":{"line":312,"type":"binary-expr","locations":[{"start":{"line":312,"column":27},"end":{"line":312,"column":43},"skip":true},{"start":{"line":312,"column":47},"end":{"line":312,"column":53},"skip":true}]},"28":{"line":316,"type":"if","locations":[{"start":{"line":316,"column":12},"end":{"line":316,"column":12},"skip":true},{"start":{"line":316,"column":12},"end":{"line":316,"column":12},"skip":true}]}},"code":["/*","example.js","","quickstart example","","instruction","    1. save this script as example.js","    2. run the shell command:","        $ npm install npmtest-broccoli && PORT=8081 node example.js","    3. play with the browser-demo on http://127.0.0.1:8081","*/","","","","/* istanbul instrument in package npmtest_broccoli */","/*jslint","    bitwise: true,","    browser: true,","    maxerr: 8,","    maxlen: 96,","    node: true,","    nomen: true,","    regexp: true,","    stupid: true","*/","(function () {","    'use strict';","    var local;","","","","    // run shared js-env code - pre-init","    (function () {","        // init local","        local = {};","        // init modeJs","        local.modeJs = (function () {","            try {","                return typeof navigator.userAgent === 'string' &&","                    typeof document.querySelector('body') === 'object' &&","                    typeof XMLHttpRequest.prototype.open === 'function' &&","                    'browser';","            } catch (errorCaughtBrowser) {","                return module.exports &&","                    typeof process.versions.node === 'string' &&","                    typeof require('http').createServer === 'function' &&","                    'node';","            }","        }());","        // init global","        local.global = local.modeJs === 'browser'","            ? window","            : global;","        // init utility2_rollup","        local = local.global.utility2_rollup || (local.modeJs === 'browser'","            ? local.global.utility2_npmtest_broccoli","            : global.utility2_moduleExports);","        // export local","        local.global.local = local;","    }());","    switch (local.modeJs) {","","","","    // post-init","    // run browser js-env code - post-init","    /* istanbul ignore next */","    case 'browser':","        local.testRunBrowser = function (event) {","            if (!event || (event &&","                    event.currentTarget &&","                    event.currentTarget.className &&","                    event.currentTarget.className.includes &&","                    event.currentTarget.className.includes('onreset'))) {","                // reset output","                Array.from(","                    document.querySelectorAll('body > .resettable')","                ).forEach(function (element) {","                    switch (element.tagName) {","                    case 'INPUT':","                    case 'TEXTAREA':","                        element.value = '';","                        break;","                    default:","                        element.textContent = '';","                    }","                });","            }","            switch (event && event.currentTarget && event.currentTarget.id) {","            case 'testRunButton1':","                // show tests","                if (document.querySelector('#testReportDiv1').style.display === 'none') {","                    document.querySelector('#testReportDiv1').style.display = 'block';","                    document.querySelector('#testRunButton1').textContent =","                        'hide internal test';","                    local.modeTest = true;","                    local.testRunDefault(local);","                // hide tests","                } else {","                    document.querySelector('#testReportDiv1').style.display = 'none';","                    document.querySelector('#testRunButton1').textContent = 'run internal test';","                }","                break;","            // custom-case","            default:","                break;","            }","            if (document.querySelector('#inputTextareaEval1') && (!event || (event &&","                    event.currentTarget &&","                    event.currentTarget.className &&","                    event.currentTarget.className.includes &&","                    event.currentTarget.className.includes('oneval')))) {","                // try to eval input-code","                try {","                    /*jslint evil: true*/","                    eval(document.querySelector('#inputTextareaEval1').value);","                } catch (errorCaught) {","                    console.error(errorCaught.stack);","                }","            }","        };","        // log stderr and stdout to #outputTextareaStdout1","        ['error', 'log'].forEach(function (key) {","            console[key + '_original'] = console[key];","            console[key] = function () {","                var element;","                console[key + '_original'].apply(console, arguments);","                element = document.querySelector('#outputTextareaStdout1');","                if (!element) {","                    return;","                }","                // append text to #outputTextareaStdout1","                element.value += Array.from(arguments).map(function (arg) {","                    return typeof arg === 'string'","                        ? arg","                        : JSON.stringify(arg, null, 4);","                }).join(' ') + '\\n';","                // scroll textarea to bottom","                element.scrollTop = element.scrollHeight;","            };","        });","        // init event-handling","        ['change', 'click', 'keyup'].forEach(function (event) {","            Array.from(document.querySelectorAll('.on' + event)).forEach(function (element) {","                element.addEventListener(event, local.testRunBrowser);","            });","        });","        // run tests","        local.testRunBrowser();","        break;","","","","    // run node js-env code - post-init","    /* istanbul ignore next */","    case 'node':","        // export local","        module.exports = local;","        // require modules","        local.fs = require('fs');","        local.http = require('http');","        local.url = require('url');","        // init assets","        local.assetsDict = local.assetsDict || {};","        /* jslint-ignore-begin */","        local.assetsDict['/assets.index.template.html'] = '\\","<!doctype html>\\n\\","<html lang=\"en\">\\n\\","<head>\\n\\","<meta charset=\"UTF-8\">\\n\\","<meta name=\"viewport\" content=\"width=device-width, initial-scale=1\">\\n\\","<title>{{env.npm_package_name}} (v{{env.npm_package_version}})</title>\\n\\","<style>\\n\\","/*csslint\\n\\","    box-sizing: false,\\n\\","    universal-selector: false\\n\\","*/\\n\\","* {\\n\\","    box-sizing: border-box;\\n\\","}\\n\\","body {\\n\\","    background: #dde;\\n\\","    font-family: Arial, Helvetica, sans-serif;\\n\\","    margin: 2rem;\\n\\","}\\n\\","body > * {\\n\\","    margin-bottom: 1rem;\\n\\","}\\n\\",".utility2FooterDiv {\\n\\","    margin-top: 20px;\\n\\","    text-align: center;\\n\\","}\\n\\","</style>\\n\\","<style>\\n\\","/*csslint\\n\\","*/\\n\\","textarea {\\n\\","    font-family: monospace;\\n\\","    height: 10rem;\\n\\","    width: 100%;\\n\\","}\\n\\","textarea[readonly] {\\n\\","    background: #ddd;\\n\\","}\\n\\","</style>\\n\\","</head>\\n\\","<body>\\n\\","<!-- utility2-comment\\n\\","<div id=\"ajaxProgressDiv1\" style=\"background: #d00; height: 2px; left: 0; margin: 0; padding: 0; position: fixed; top: 0; transition: background 0.5s, width 1.5s; width: 25%;\"></div>\\n\\","utility2-comment -->\\n\\","<h1>\\n\\","<!-- utility2-comment\\n\\","    <a\\n\\","        {{#if env.npm_package_homepage}}\\n\\","        href=\"{{env.npm_package_homepage}}\"\\n\\","        {{/if env.npm_package_homepage}}\\n\\","        target=\"_blank\"\\n\\","    >\\n\\","utility2-comment -->\\n\\","        {{env.npm_package_name}} (v{{env.npm_package_version}})\\n\\","<!-- utility2-comment\\n\\","    </a>\\n\\","utility2-comment -->\\n\\","</h1>\\n\\","<h3>{{env.npm_package_description}}</h3>\\n\\","<!-- utility2-comment\\n\\","<h4><a download href=\"assets.app.js\">download standalone app</a></h4>\\n\\","<button class=\"onclick onreset\" id=\"testRunButton1\">run internal test</button><br>\\n\\","<div id=\"testReportDiv1\" style=\"display: none;\"></div>\\n\\","utility2-comment -->\\n\\","\\n\\","\\n\\","\\n\\","<label>stderr and stdout</label>\\n\\","<textarea class=\"resettable\" id=\"outputTextareaStdout1\" readonly></textarea>\\n\\","<!-- utility2-comment\\n\\","{{#if isRollup}}\\n\\","<script src=\"assets.app.js\"></script>\\n\\","{{#unless isRollup}}\\n\\","utility2-comment -->\\n\\","<script src=\"assets.utility2.rollup.js\"></script>\\n\\","<script src=\"jsonp.utility2._stateInit?callback=window.utility2._stateInit\"></script>\\n\\","<script src=\"assets.npmtest_broccoli.rollup.js\"></script>\\n\\","<script src=\"assets.example.js\"></script>\\n\\","<script src=\"assets.test.js\"></script>\\n\\","<!-- utility2-comment\\n\\","{{/if isRollup}}\\n\\","utility2-comment -->\\n\\","<div class=\"utility2FooterDiv\">\\n\\","    [ this app was created with\\n\\","    <a href=\"https://github.com/kaizhu256/node-utility2\" target=\"_blank\">utility2</a>\\n\\","    ]\\n\\","</div>\\n\\","</body>\\n\\","</html>\\n\\","';","        /* jslint-ignore-end */","        if (local.templateRender) {","            local.assetsDict['/'] = local.templateRender(","                local.assetsDict['/assets.index.template.html'],","                {","                    env: local.objectSetDefault(local.env, {","                        npm_package_description: 'the greatest app in the world!',","                        npm_package_name: 'my-app',","                        npm_package_nameAlias: 'my_app',","                        npm_package_version: '0.0.1'","                    })","                }","            );","        } else {","            local.assetsDict['/'] = local.assetsDict['/assets.index.template.html']","                .replace((/\\{\\{env\\.(\\w+?)\\}\\}/g), function (match0, match1) {","                    // jslint-hack","                    String(match0);","                    switch (match1) {","                    case 'npm_package_description':","                        return 'the greatest app in the world!';","                    case 'npm_package_name':","                        return 'my-app';","                    case 'npm_package_nameAlias':","                        return 'my_app';","                    case 'npm_package_version':","                        return '0.0.1';","                    }","                });","        }","        // run the cli","        if (local.global.utility2_rollup || module !== require.main) {","            break;","        }","        local.assetsDict['/assets.example.js'] =","            local.assetsDict['/assets.example.js'] ||","            local.fs.readFileSync(__filename, 'utf8');","        local.assetsDict['/assets.npmtest_broccoli.rollup.js'] =","            local.assetsDict['/assets.npmtest_broccoli.rollup.js'] ||","            local.fs.readFileSync(","                // buildCustomOrg-hack","                local.npmtest_broccoli.__dirname +","                    '/lib.npmtest_broccoli.js',","                'utf8'","            ).replace((/^#!/), '//');","        local.assetsDict['/favicon.ico'] = local.assetsDict['/favicon.ico'] || '';","        // if $npm_config_timeout_exit exists,","        // then exit this process after $npm_config_timeout_exit ms","        if (Number(process.env.npm_config_timeout_exit)) {","            setTimeout(process.exit, Number(process.env.npm_config_timeout_exit));","        }","        // start server","        if (local.global.utility2_serverHttp1) {","            break;","        }","        process.env.PORT = process.env.PORT || '8081';","        console.error('server starting on port ' + process.env.PORT);","        local.http.createServer(function (request, response) {","            request.urlParsed = local.url.parse(request.url);","            if (local.assetsDict[request.urlParsed.pathname] !== undefined) {","                response.end(local.assetsDict[request.urlParsed.pathname]);","                return;","            }","            response.statusCode = 404;","            response.end();","        }).listen(process.env.PORT);","        break;","    }","}());",""],"l":{"26":2,"28":2,"33":2,"35":2,"37":2,"38":2,"39":2,"44":1,"51":2,"55":2,"59":2,"61":2,"69":1,"70":2,"76":2,"79":2,"82":2,"83":2,"85":1,"89":2,"92":1,"93":1,"94":1,"96":1,"97":1,"100":1,"101":1,"103":1,"106":1,"108":2,"114":1,"116":1,"118":1,"123":1,"124":2,"125":2,"126":2,"127":2,"128":2,"129":2,"130":1,"133":2,"134":2,"139":2,"143":1,"144":3,"145":1,"149":1,"150":1,"158":1,"160":1,"161":1,"162":1,"164":1,"166":1,"258":1,"259":1,"271":1,"274":6,"275":6,"277":1,"279":2,"281":1,"283":2,"288":1,"289":1,"291":1,"294":1,"302":1,"305":1,"306":1,"309":1,"310":1,"312":1,"313":1,"314":1,"315":1,"316":1,"317":1,"318":1,"320":1,"321":1,"323":1}},"/home/travis/build/npmtest/node-npmtest-broccoli/broccoli/lib/index.js":{"path":"/home/travis/build/npmtest/node-npmtest-broccoli/broccoli/lib/index.js","s":{"1":1,"2":1,"3":1,"4":1,"5":1,"6":1,"7":1},"b":{},"f":{},"fnMap":{},"statementMap":{"1":{"start":{"line":1,"column":0},"end":{"line":1,"column":38}},"2":{"start":{"line":2,"column":0},"end":{"line":2,"column":49}},"3":{"start":{"line":3,"column":0},"end":{"line":3,"column":36}},"4":{"start":{"line":4,"column":0},"end":{"line":4,"column":47}},"5":{"start":{"line":5,"column":0},"end":{"line":5,"column":38}},"6":{"start":{"line":6,"column":0},"end":{"line":6,"column":53}},"7":{"start":{"line":7,"column":0},"end":{"line":7,"column":30}}},"branchMap":{},"code":["exports.Builder = require('./builder')","exports.loadBrocfile = require('./load_brocfile')","exports.server = require('./server')","exports.getMiddleware = require('./middleware')","exports.Watcher = require('./watcher')","exports.WatcherAdapter = require('./watcher_adapter')","exports.cli = require('./cli')",""],"l":{"1":1,"2":1,"3":1,"4":1,"5":1,"6":1,"7":1}},"/home/travis/build/npmtest/node-npmtest-broccoli/broccoli/lib/builder.js":{"path":"/home/travis/build/npmtest/node-npmtest-broccoli/broccoli/lib/builder.js","s":{"1":1,"2":1,"3":1,"4":1,"5":1,"6":1,"7":1,"8":1,"9":1,"10":1,"11":1,"12":0,"13":0,"14":0,"15":0,"16":0,"17":0,"18":0,"19":0,"20":0,"21":0,"22":0,"23":0,"24":0,"25":0,"26":0,"27":0,"28":1,"29":1,"30":0,"31":0,"32":0,"33":0,"34":0,"35":0,"36":0,"37":0,"38":0,"39":0,"40":0,"41":0,"42":1,"43":0,"44":1,"45":0,"46":0,"47":0,"48":0,"49":0,"50":0,"51":0,"52":0,"53":0,"54":0,"55":0,"56":0,"57":0,"58":0,"59":0,"60":0,"61":0,"62":0,"63":0,"64":0,"65":0,"66":0,"67":0,"68":0,"69":0,"70":0,"71":0,"72":0,"73":0,"74":0,"75":0,"76":0,"77":0,"78":0,"79":0,"80":0,"81":0,"82":0,"83":0,"84":0,"85":0,"86":0,"87":0,"88":0,"89":0,"90":0,"91":0,"92":0,"93":1,"94":1,"95":0,"96":0,"97":0,"98":0,"99":0,"100":0,"101":0,"102":1,"103":0,"104":0,"105":0,"106":0,"107":0,"108":0,"109":0,"110":0,"111":0,"112":0,"113":0,"114":0,"115":1,"116":0,"117":0,"118":0,"119":0,"120":0,"121":0,"122":0,"123":0,"124":1,"125":0,"126":0,"127":0,"128":0,"129":0,"130":1,"131":1,"132":1,"133":1,"134":0,"135":0,"136":0,"137":0,"138":1,"139":1,"140":1,"141":1,"142":1,"143":0,"144":0,"145":0,"146":0,"147":0,"148":0,"149":0,"150":1,"151":1,"152":1,"153":1,"154":0,"155":0,"156":0,"157":0,"158":0,"159":0,"160":0,"161":0,"162":0,"163":0,"164":0,"165":0,"166":0,"167":0,"168":0,"169":0,"170":0,"171":0,"172":0,"173":1,"174":1,"175":0,"176":1,"177":1,"178":1,"179":1,"180":0,"181":1,"182":1,"183":1,"184":1,"185":0,"186":1,"187":0,"188":0,"189":1,"190":1,"191":0,"192":0,"193":0,"194":0,"195":0,"196":0,"197":0,"198":0,"199":0,"200":0,"201":0,"202":1,"203":0,"204":0,"205":0,"206":0,"207":0,"208":0,"209":0,"210":0,"211":1,"212":0,"213":0,"214":0,"215":0,"216":0,"217":0,"218":0,"219":0,"220":0,"221":1,"222":0,"223":0,"224":1,"225":0,"226":0,"227":1,"228":0,"229":1,"230":0,"231":1,"232":0,"233":1,"234":0,"235":0,"236":0,"237":0,"238":1,"239":0,"240":0,"241":0},"b":{"1":[0,0],"2":[0,0],"3":[0,0],"4":[0,0],"5":[0,0],"6":[0,0],"7":[0,0],"8":[0,0],"9":[0,0],"10":[0,0],"11":[0,0],"12":[0,0],"13":[0,0],"14":[0,0],"15":[0,0],"16":[0,0],"17":[0,0],"18":[0,0],"19":[0,0],"20":[0,0],"21":[0,0],"22":[0,0],"23":[0,0],"24":[0,0],"25":[0,0],"26":[0,0],"27":[0,0],"28":[0,0],"29":[0,0],"30":[0,0],"31":[0,0],"32":[0,0],"33":[0,0]},"f":{"1":0,"2":0,"3":0,"4":0,"5":0,"6":0,"7":0,"8":0,"9":0,"10":0,"11":0,"12":0,"13":0,"14":0,"15":0,"16":0,"17":0,"18":0,"19":0,"20":0,"21":0,"22":0,"23":0,"24":0,"25":0,"26":0,"27":0,"28":0,"29":0,"30":0,"31":0,"32":0,"33":0,"34":0,"35":0,"36":0,"37":0},"fnMap":{"1":{"name":"Builder","line":39,"loc":{"start":{"line":39,"column":0},"end":{"line":39,"column":38}}},"2":{"name":"(anonymous_2)","line":82,"loc":{"start":{"line":82,"column":26},"end":{"line":82,"column":37}}},"3":{"name":"(anonymous_3)","line":86,"loc":{"start":{"line":86,"column":28},"end":{"line":86,"column":41}}},"4":{"name":"(anonymous_4)","line":93,"loc":{"start":{"line":93,"column":12},"end":{"line":93,"column":23}}},"5":{"name":"(anonymous_5)","line":97,"loc":{"start":{"line":97,"column":16},"end":{"line":97,"column":27}}},"6":{"name":"(anonymous_6)","line":100,"loc":{"start":{"line":100,"column":16},"end":{"line":100,"column":27}}},"7":{"name":"(anonymous_7)","line":103,"loc":{"start":{"line":103,"column":19},"end":{"line":103,"column":30}}},"8":{"name":"(anonymous_8)","line":106,"loc":{"start":{"line":106,"column":17},"end":{"line":106,"column":31}}},"9":{"name":"(anonymous_9)","line":116,"loc":{"start":{"line":116,"column":28},"end":{"line":116,"column":39}}},"10":{"name":"(anonymous_10)","line":122,"loc":{"start":{"line":122,"column":36},"end":{"line":122,"column":59}}},"11":{"name":"(anonymous_11)","line":187,"loc":{"start":{"line":187,"column":48},"end":{"line":187,"column":68}}},"12":{"name":"(anonymous_12)","line":217,"loc":{"start":{"line":217,"column":41},"end":{"line":217,"column":52}}},"13":{"name":"(anonymous_13)","line":232,"loc":{"start":{"line":232,"column":33},"end":{"line":232,"column":44}}},"14":{"name":"(anonymous_14)","line":256,"loc":{"start":{"line":256,"column":65},"end":{"line":256,"column":78}}},"15":{"name":"(anonymous_15)","line":275,"loc":{"start":{"line":275,"column":29},"end":{"line":275,"column":57}}},"16":{"name":"(anonymous_16)","line":289,"loc":{"start":{"line":289,"column":31},"end":{"line":289,"column":42}}},"17":{"name":"BuilderError","line":305,"loc":{"start":{"line":305,"column":0},"end":{"line":305,"column":31}}},"18":{"name":"NodeSetupError","line":322,"loc":{"start":{"line":322,"column":0},"end":{"line":322,"column":52}}},"19":{"name":"BuildError","line":339,"loc":{"start":{"line":339,"column":0},"end":{"line":339,"column":48}}},"20":{"name":"NodeWrapper","line":399,"loc":{"start":{"line":399,"column":0},"end":{"line":399,"column":23}}},"21":{"name":"TransformNodeWrapper","line":406,"loc":{"start":{"line":406,"column":0},"end":{"line":406,"column":32}}},"22":{"name":"SourceNodeWrapper","line":413,"loc":{"start":{"line":413,"column":0},"end":{"line":413,"column":29}}},"23":{"name":"(anonymous_23)","line":417,"loc":{"start":{"line":417,"column":39},"end":{"line":417,"column":58}}},"24":{"name":"(anonymous_24)","line":426,"loc":{"start":{"line":426,"column":36},"end":{"line":426,"column":55}}},"25":{"name":"(anonymous_25)","line":430,"loc":{"start":{"line":430,"column":39},"end":{"line":430,"column":50}}},"26":{"name":"(anonymous_26)","line":442,"loc":{"start":{"line":442,"column":10},"end":{"line":442,"column":21}}},"27":{"name":"(anonymous_27)","line":453,"loc":{"start":{"line":453,"column":36},"end":{"line":453,"column":47}}},"28":{"name":"(anonymous_28)","line":471,"loc":{"start":{"line":471,"column":42},"end":{"line":471,"column":53}}},"29":{"name":"(anonymous_29)","line":475,"loc":{"start":{"line":475,"column":64},"end":{"line":475,"column":77}}},"30":{"name":"(anonymous_30)","line":484,"loc":{"start":{"line":484,"column":39},"end":{"line":484,"column":50}}},"31":{"name":"(anonymous_31)","line":490,"loc":{"start":{"line":490,"column":31},"end":{"line":490,"column":42}}},"32":{"name":"(anonymous_32)","line":496,"loc":{"start":{"line":496,"column":50},"end":{"line":496,"column":63}}},"33":{"name":"(anonymous_33)","line":503,"loc":{"start":{"line":503,"column":48},"end":{"line":503,"column":59}}},"34":{"name":"(anonymous_34)","line":514,"loc":{"start":{"line":514,"column":45},"end":{"line":514,"column":56}}},"35":{"name":"(anonymous_35)","line":525,"loc":{"start":{"line":525,"column":60},"end":{"line":525,"column":71}}},"36":{"name":"undefinedToNull","line":531,"loc":{"start":{"line":531,"column":0},"end":{"line":531,"column":30}}},"37":{"name":"wrapPrimitiveErrors","line":540,"loc":{"start":{"line":540,"column":0},"end":{"line":540,"column":34}}}},"statementMap":{"1":{"start":{"line":3,"column":0},"end":{"line":3,"column":26}},"2":{"start":{"line":4,"column":0},"end":{"line":4,"column":22}},"3":{"start":{"line":5,"column":0},"end":{"line":5,"column":26}},"4":{"start":{"line":6,"column":0},"end":{"line":6,"column":24}},"5":{"start":{"line":7,"column":0},"end":{"line":7,"column":30}},"6":{"start":{"line":8,"column":0},"end":{"line":8,"column":51}},"7":{"start":{"line":9,"column":0},"end":{"line":9,"column":54}},"8":{"start":{"line":10,"column":0},"end":{"line":10,"column":52}},"9":{"start":{"line":13,"column":0},"end":{"line":13,"column":24}},"10":{"start":{"line":38,"column":0},"end":{"line":38,"column":24}},"11":{"start":{"line":39,"column":0},"end":{"line":72,"column":1}},"12":{"start":{"line":40,"column":2},"end":{"line":40,"column":35}},"13":{"start":{"line":40,"column":23},"end":{"line":40,"column":35}},"14":{"start":{"line":42,"column":2},"end":{"line":42,"column":30}},"15":{"start":{"line":43,"column":2},"end":{"line":43,"column":30}},"16":{"start":{"line":45,"column":2},"end":{"line":45,"column":26}},"17":{"start":{"line":46,"column":2},"end":{"line":46,"column":24}},"18":{"start":{"line":50,"column":2},"end":{"line":50,"column":24}},"19":{"start":{"line":52,"column":2},"end":{"line":52,"column":64}},"20":{"start":{"line":56,"column":2},"end":{"line":56,"column":29}},"21":{"start":{"line":58,"column":2},"end":{"line":58,"column":21}},"22":{"start":{"line":62,"column":2},"end":{"line":71,"column":3}},"23":{"start":{"line":64,"column":4},"end":{"line":64,"column":21}},"24":{"start":{"line":65,"column":4},"end":{"line":65,"column":55}},"25":{"start":{"line":66,"column":4},"end":{"line":66,"column":20}},"26":{"start":{"line":69,"column":4},"end":{"line":69,"column":18}},"27":{"start":{"line":70,"column":4},"end":{"line":70,"column":11}},"28":{"start":{"line":74,"column":0},"end":{"line":74,"column":41}},"29":{"start":{"line":82,"column":0},"end":{"line":112,"column":1}},"30":{"start":{"line":83,"column":2},"end":{"line":83,"column":17}},"31":{"start":{"line":84,"column":2},"end":{"line":84,"column":16}},"32":{"start":{"line":85,"column":2},"end":{"line":85,"column":30}},"33":{"start":{"line":86,"column":2},"end":{"line":110,"column":4}},"34":{"start":{"line":90,"column":4},"end":{"line":90,"column":22}},"35":{"start":{"line":92,"column":4},"end":{"line":109,"column":8}},"36":{"start":{"line":96,"column":8},"end":{"line":108,"column":12}},"37":{"start":{"line":98,"column":12},"end":{"line":98,"column":41}},"38":{"start":{"line":101,"column":12},"end":{"line":101,"column":29}},"39":{"start":{"line":104,"column":12},"end":{"line":104,"column":39}},"40":{"start":{"line":107,"column":12},"end":{"line":107,"column":41}},"41":{"start":{"line":111,"column":2},"end":{"line":111,"column":16}},"42":{"start":{"line":116,"column":0},"end":{"line":118,"column":1}},"43":{"start":{"line":117,"column":2},"end":{"line":117,"column":29}},"44":{"start":{"line":122,"column":0},"end":{"line":213,"column":1}},"45":{"start":{"line":123,"column":2},"end":{"line":123,"column":33}},"46":{"start":{"line":123,"column":22},"end":{"line":123,"column":33}},"47":{"start":{"line":124,"column":2},"end":{"line":124,"column":17}},"48":{"start":{"line":127,"column":2},"end":{"line":131,"column":3}},"49":{"start":{"line":128,"column":4},"end":{"line":130,"column":5}},"50":{"start":{"line":129,"column":6},"end":{"line":129,"column":33}},"51":{"start":{"line":134,"column":2},"end":{"line":134,"column":25}},"52":{"start":{"line":135,"column":2},"end":{"line":137,"column":3}},"53":{"start":{"line":136,"column":4},"end":{"line":136,"column":62}},"54":{"start":{"line":140,"column":2},"end":{"line":140,"column":14}},"55":{"start":{"line":141,"column":2},"end":{"line":152,"column":3}},"56":{"start":{"line":142,"column":4},"end":{"line":142,"column":49}},"57":{"start":{"line":144,"column":4},"end":{"line":144,"column":66}},"58":{"start":{"line":144,"column":59},"end":{"line":144,"column":66}},"59":{"start":{"line":147,"column":4},"end":{"line":150,"column":31}},"60":{"start":{"line":151,"column":4},"end":{"line":151,"column":74}},"61":{"start":{"line":155,"column":2},"end":{"line":155,"column":27}},"62":{"start":{"line":156,"column":2},"end":{"line":156,"column":22}},"63":{"start":{"line":157,"column":2},"end":{"line":157,"column":80}},"64":{"start":{"line":157,"column":38},"end":{"line":157,"column":80}},"65":{"start":{"line":158,"column":2},"end":{"line":158,"column":72}},"66":{"start":{"line":158,"column":35},"end":{"line":158,"column":72}},"67":{"start":{"line":159,"column":2},"end":{"line":159,"column":74}},"68":{"start":{"line":159,"column":30},"end":{"line":159,"column":74}},"69":{"start":{"line":163,"column":2},"end":{"line":164,"column":52}},"70":{"start":{"line":165,"column":2},"end":{"line":165,"column":33}},"71":{"start":{"line":166,"column":2},"end":{"line":166,"column":41}},"72":{"start":{"line":167,"column":2},"end":{"line":167,"column":25}},"73":{"start":{"line":168,"column":2},"end":{"line":168,"column":27}},"74":{"start":{"line":171,"column":2},"end":{"line":180,"column":3}},"75":{"start":{"line":172,"column":4},"end":{"line":179,"column":5}},"76":{"start":{"line":173,"column":6},"end":{"line":173,"column":48}},"77":{"start":{"line":174,"column":6},"end":{"line":176,"column":7}},"78":{"start":{"line":175,"column":8},"end":{"line":175,"column":48}},"79":{"start":{"line":177,"column":6},"end":{"line":177,"column":39}},"80":{"start":{"line":178,"column":6},"end":{"line":178,"column":42}},"81":{"start":{"line":184,"column":2},"end":{"line":184,"column":28}},"82":{"start":{"line":185,"column":2},"end":{"line":196,"column":3}},"83":{"start":{"line":186,"column":4},"end":{"line":186,"column":47}},"84":{"start":{"line":187,"column":4},"end":{"line":189,"column":6}},"85":{"start":{"line":188,"column":6},"end":{"line":188,"column":54}},"86":{"start":{"line":191,"column":4},"end":{"line":195,"column":5}},"87":{"start":{"line":192,"column":6},"end":{"line":192,"column":54}},"88":{"start":{"line":194,"column":6},"end":{"line":194,"column":56}},"89":{"start":{"line":200,"column":2},"end":{"line":200,"column":51}},"90":{"start":{"line":202,"column":2},"end":{"line":202,"column":43}},"91":{"start":{"line":210,"column":2},"end":{"line":210,"column":37}},"92":{"start":{"line":212,"column":2},"end":{"line":212,"column":20}},"93":{"start":{"line":215,"column":0},"end":{"line":215,"column":54}},"94":{"start":{"line":217,"column":0},"end":{"line":230,"column":2}},"95":{"start":{"line":219,"column":2},"end":{"line":229,"column":3}},"96":{"start":{"line":220,"column":4},"end":{"line":220,"column":19}},"97":{"start":{"line":221,"column":4},"end":{"line":225,"column":5}},"98":{"start":{"line":222,"column":6},"end":{"line":222,"column":67}},"99":{"start":{"line":224,"column":6},"end":{"line":224,"column":84}},"100":{"start":{"line":226,"column":4},"end":{"line":228,"column":5}},"101":{"start":{"line":227,"column":6},"end":{"line":227,"column":80}},"102":{"start":{"line":232,"column":0},"end":{"line":269,"column":1}},"103":{"start":{"line":250,"column":2},"end":{"line":250,"column":90}},"104":{"start":{"line":251,"column":2},"end":{"line":251,"column":34}},"105":{"start":{"line":252,"column":2},"end":{"line":252,"column":51}},"106":{"start":{"line":253,"column":2},"end":{"line":268,"column":3}},"107":{"start":{"line":254,"column":4},"end":{"line":254,"column":42}},"108":{"start":{"line":255,"column":4},"end":{"line":267,"column":5}},"109":{"start":{"line":256,"column":6},"end":{"line":258,"column":8}},"110":{"start":{"line":257,"column":8},"end":{"line":257,"column":28}},"111":{"start":{"line":259,"column":6},"end":{"line":259,"column":64}},"112":{"start":{"line":261,"column":6},"end":{"line":263,"column":7}},"113":{"start":{"line":262,"column":8},"end":{"line":262,"column":67}},"114":{"start":{"line":266,"column":6},"end":{"line":266,"column":67}},"115":{"start":{"line":275,"column":0},"end":{"line":287,"column":1}},"116":{"start":{"line":276,"column":2},"end":{"line":276,"column":99}},"117":{"start":{"line":279,"column":2},"end":{"line":279,"column":76}},"118":{"start":{"line":280,"column":2},"end":{"line":280,"column":62}},"119":{"start":{"line":282,"column":2},"end":{"line":282,"column":103}},"120":{"start":{"line":283,"column":2},"end":{"line":283,"column":52}},"121":{"start":{"line":284,"column":2},"end":{"line":284,"column":53}},"122":{"start":{"line":285,"column":2},"end":{"line":285,"column":22}},"123":{"start":{"line":286,"column":2},"end":{"line":286,"column":15}},"124":{"start":{"line":289,"column":0},"end":{"line":298,"column":1}},"125":{"start":{"line":290,"column":2},"end":{"line":297,"column":3}},"126":{"start":{"line":291,"column":4},"end":{"line":291,"column":33}},"127":{"start":{"line":292,"column":4},"end":{"line":296,"column":5}},"128":{"start":{"line":293,"column":6},"end":{"line":293,"column":29}},"129":{"start":{"line":295,"column":6},"end":{"line":295,"column":39}},"130":{"start":{"line":302,"column":0},"end":{"line":302,"column":35}},"131":{"start":{"line":303,"column":0},"end":{"line":303,"column":55}},"132":{"start":{"line":304,"column":0},"end":{"line":304,"column":49}},"133":{"start":{"line":305,"column":0},"end":{"line":315,"column":1}},"134":{"start":{"line":310,"column":2},"end":{"line":310,"column":41}},"135":{"start":{"line":312,"column":2},"end":{"line":312,"column":47}},"136":{"start":{"line":313,"column":2},"end":{"line":313,"column":25}},"137":{"start":{"line":314,"column":2},"end":{"line":314,"column":29}},"138":{"start":{"line":317,"column":0},"end":{"line":317,"column":60}},"139":{"start":{"line":319,"column":0},"end":{"line":319,"column":39}},"140":{"start":{"line":320,"column":0},"end":{"line":320,"column":64}},"141":{"start":{"line":321,"column":0},"end":{"line":321,"column":53}},"142":{"start":{"line":322,"column":0},"end":{"line":334,"column":1}},"143":{"start":{"line":323,"column":2},"end":{"line":326,"column":3}},"144":{"start":{"line":324,"column":4},"end":{"line":324,"column":27}},"145":{"start":{"line":325,"column":4},"end":{"line":325,"column":10}},"146":{"start":{"line":327,"column":2},"end":{"line":327,"column":52}},"147":{"start":{"line":328,"column":2},"end":{"line":330,"column":53}},"148":{"start":{"line":331,"column":2},"end":{"line":331,"column":34}},"149":{"start":{"line":333,"column":2},"end":{"line":333,"column":34}},"150":{"start":{"line":336,"column":0},"end":{"line":336,"column":31}},"151":{"start":{"line":337,"column":0},"end":{"line":337,"column":60}},"152":{"start":{"line":338,"column":0},"end":{"line":338,"column":45}},"153":{"start":{"line":339,"column":0},"end":{"line":395,"column":1}},"154":{"start":{"line":340,"column":2},"end":{"line":343,"column":3}},"155":{"start":{"line":341,"column":4},"end":{"line":341,"column":27}},"156":{"start":{"line":342,"column":4},"end":{"line":342,"column":10}},"157":{"start":{"line":345,"column":2},"end":{"line":345,"column":52}},"158":{"start":{"line":349,"column":2},"end":{"line":349,"column":19}},"159":{"start":{"line":350,"column":2},"end":{"line":360,"column":3}},"160":{"start":{"line":351,"column":4},"end":{"line":351,"column":33}},"161":{"start":{"line":352,"column":4},"end":{"line":358,"column":5}},"162":{"start":{"line":353,"column":6},"end":{"line":353,"column":42}},"163":{"start":{"line":354,"column":6},"end":{"line":357,"column":7}},"164":{"start":{"line":356,"column":8},"end":{"line":356,"column":52}},"165":{"start":{"line":359,"column":4},"end":{"line":359,"column":20}},"166":{"start":{"line":361,"column":2},"end":{"line":361,"column":29}},"167":{"start":{"line":362,"column":2},"end":{"line":368,"column":3}},"168":{"start":{"line":367,"column":4},"end":{"line":367,"column":74}},"169":{"start":{"line":369,"column":2},"end":{"line":372,"column":22}},"170":{"start":{"line":374,"column":2},"end":{"line":374,"column":34}},"171":{"start":{"line":375,"column":2},"end":{"line":375,"column":34}},"172":{"start":{"line":378,"column":2},"end":{"line":394,"column":3}},"173":{"start":{"line":398,"column":0},"end":{"line":398,"column":33}},"174":{"start":{"line":399,"column":0},"end":{"line":401,"column":1}},"175":{"start":{"line":400,"column":2},"end":{"line":400,"column":22}},"176":{"start":{"line":403,"column":0},"end":{"line":403,"column":51}},"177":{"start":{"line":404,"column":0},"end":{"line":404,"column":69}},"178":{"start":{"line":405,"column":0},"end":{"line":405,"column":65}},"179":{"start":{"line":406,"column":0},"end":{"line":408,"column":1}},"180":{"start":{"line":407,"column":2},"end":{"line":407,"column":36}},"181":{"start":{"line":410,"column":0},"end":{"line":410,"column":45}},"182":{"start":{"line":411,"column":0},"end":{"line":411,"column":66}},"183":{"start":{"line":412,"column":0},"end":{"line":412,"column":59}},"184":{"start":{"line":413,"column":0},"end":{"line":415,"column":1}},"185":{"start":{"line":414,"column":2},"end":{"line":414,"column":36}},"186":{"start":{"line":417,"column":0},"end":{"line":424,"column":1}},"187":{"start":{"line":418,"column":2},"end":{"line":422,"column":4}},"188":{"start":{"line":423,"column":2},"end":{"line":423,"column":57}},"189":{"start":{"line":426,"column":0},"end":{"line":427,"column":1}},"190":{"start":{"line":430,"column":0},"end":{"line":451,"column":1}},"191":{"start":{"line":431,"column":2},"end":{"line":431,"column":17}},"192":{"start":{"line":433,"column":2},"end":{"line":433,"column":34}},"193":{"start":{"line":435,"column":2},"end":{"line":438,"column":3}},"194":{"start":{"line":436,"column":4},"end":{"line":436,"column":32}},"195":{"start":{"line":437,"column":4},"end":{"line":437,"column":33}},"196":{"start":{"line":440,"column":2},"end":{"line":450,"column":6}},"197":{"start":{"line":443,"column":6},"end":{"line":443,"column":32}},"198":{"start":{"line":445,"column":6},"end":{"line":445,"column":97}},"199":{"start":{"line":446,"column":6},"end":{"line":446,"column":58}},"200":{"start":{"line":447,"column":6},"end":{"line":449,"column":7}},"201":{"start":{"line":448,"column":8},"end":{"line":448,"column":83}},"202":{"start":{"line":453,"column":0},"end":{"line":469,"column":1}},"203":{"start":{"line":455,"column":2},"end":{"line":465,"column":3}},"204":{"start":{"line":456,"column":4},"end":{"line":458,"column":5}},"205":{"start":{"line":457,"column":6},"end":{"line":457,"column":40}},"206":{"start":{"line":460,"column":4},"end":{"line":460,"column":44}},"207":{"start":{"line":463,"column":4},"end":{"line":463,"column":63}},"208":{"start":{"line":464,"column":4},"end":{"line":464,"column":13}},"209":{"start":{"line":467,"column":2},"end":{"line":467,"column":30}},"210":{"start":{"line":468,"column":2},"end":{"line":468,"column":31}},"211":{"start":{"line":471,"column":0},"end":{"line":482,"column":1}},"212":{"start":{"line":472,"column":2},"end":{"line":472,"column":23}},"213":{"start":{"line":473,"column":2},"end":{"line":473,"column":19}},"214":{"start":{"line":474,"column":2},"end":{"line":476,"column":3}},"215":{"start":{"line":475,"column":4},"end":{"line":475,"column":100}},"216":{"start":{"line":475,"column":79},"end":{"line":475,"column":92}},"217":{"start":{"line":477,"column":2},"end":{"line":477,"column":34}},"218":{"start":{"line":478,"column":2},"end":{"line":480,"column":3}},"219":{"start":{"line":479,"column":4},"end":{"line":479,"column":64}},"220":{"start":{"line":481,"column":2},"end":{"line":481,"column":53}},"221":{"start":{"line":484,"column":0},"end":{"line":488,"column":1}},"222":{"start":{"line":485,"column":2},"end":{"line":486,"column":49}},"223":{"start":{"line":487,"column":2},"end":{"line":487,"column":53}},"224":{"start":{"line":490,"column":0},"end":{"line":501,"column":1}},"225":{"start":{"line":491,"column":2},"end":{"line":500,"column":4}},"226":{"start":{"line":496,"column":65},"end":{"line":496,"column":78}},"227":{"start":{"line":503,"column":0},"end":{"line":512,"column":1}},"228":{"start":{"line":504,"column":2},"end":{"line":511,"column":4}},"229":{"start":{"line":514,"column":0},"end":{"line":523,"column":1}},"230":{"start":{"line":515,"column":2},"end":{"line":522,"column":4}},"231":{"start":{"line":525,"column":0},"end":{"line":527,"column":1}},"232":{"start":{"line":526,"column":2},"end":{"line":526,"column":91}},"233":{"start":{"line":531,"column":0},"end":{"line":538,"column":1}},"234":{"start":{"line":532,"column":2},"end":{"line":536,"column":3}},"235":{"start":{"line":533,"column":4},"end":{"line":535,"column":5}},"236":{"start":{"line":534,"column":6},"end":{"line":534,"column":21}},"237":{"start":{"line":537,"column":2},"end":{"line":537,"column":12}},"238":{"start":{"line":540,"column":0},"end":{"line":548,"column":1}},"239":{"start":{"line":541,"column":2},"end":{"line":547,"column":3}},"240":{"start":{"line":542,"column":4},"end":{"line":542,"column":14}},"241":{"start":{"line":546,"column":4},"end":{"line":546,"column":30}}},"branchMap":{"1":{"line":40,"type":"if","locations":[{"start":{"line":40,"column":2},"end":{"line":40,"column":2}},{"start":{"line":40,"column":2},"end":{"line":40,"column":2}}]},"2":{"line":123,"type":"if","locations":[{"start":{"line":123,"column":2},"end":{"line":123,"column":2}},{"start":{"line":123,"column":2},"end":{"line":123,"column":2}}]},"3":{"line":128,"type":"if","locations":[{"start":{"line":128,"column":4},"end":{"line":128,"column":4}},{"start":{"line":128,"column":4},"end":{"line":128,"column":4}}]},"4":{"line":135,"type":"if","locations":[{"start":{"line":135,"column":2},"end":{"line":135,"column":2}},{"start":{"line":135,"column":2},"end":{"line":135,"column":2}}]},"5":{"line":144,"type":"if","locations":[{"start":{"line":144,"column":4},"end":{"line":144,"column":4}},{"start":{"line":144,"column":4},"end":{"line":144,"column":4}}]},"6":{"line":147,"type":"cond-expr","locations":[{"start":{"line":148,"column":6},"end":{"line":149,"column":69}},{"start":{"line":150,"column":8},"end":{"line":150,"column":31}}]},"7":{"line":157,"type":"if","locations":[{"start":{"line":157,"column":2},"end":{"line":157,"column":2}},{"start":{"line":157,"column":2},"end":{"line":157,"column":2}}]},"8":{"line":158,"type":"if","locations":[{"start":{"line":158,"column":2},"end":{"line":158,"column":2}},{"start":{"line":158,"column":2},"end":{"line":158,"column":2}}]},"9":{"line":159,"type":"if","locations":[{"start":{"line":159,"column":2},"end":{"line":159,"column":2}},{"start":{"line":159,"column":2},"end":{"line":159,"column":2}}]},"10":{"line":163,"type":"cond-expr","locations":[{"start":{"line":164,"column":4},"end":{"line":164,"column":28}},{"start":{"line":164,"column":31},"end":{"line":164,"column":52}}]},"11":{"line":172,"type":"if","locations":[{"start":{"line":172,"column":4},"end":{"line":172,"column":4}},{"start":{"line":172,"column":4},"end":{"line":172,"column":4}}]},"12":{"line":185,"type":"if","locations":[{"start":{"line":185,"column":2},"end":{"line":185,"column":2}},{"start":{"line":185,"column":2},"end":{"line":185,"column":2}}]},"13":{"line":191,"type":"if","locations":[{"start":{"line":191,"column":4},"end":{"line":191,"column":4}},{"start":{"line":191,"column":4},"end":{"line":191,"column":4}}]},"14":{"line":226,"type":"if","locations":[{"start":{"line":226,"column":4},"end":{"line":226,"column":4}},{"start":{"line":226,"column":4},"end":{"line":226,"column":4}}]},"15":{"line":255,"type":"if","locations":[{"start":{"line":255,"column":4},"end":{"line":255,"column":4}},{"start":{"line":255,"column":4},"end":{"line":255,"column":4}}]},"16":{"line":261,"type":"if","locations":[{"start":{"line":261,"column":6},"end":{"line":261,"column":6}},{"start":{"line":261,"column":6},"end":{"line":261,"column":6}}]},"17":{"line":276,"type":"binary-expr","locations":[{"start":{"line":276,"column":61},"end":{"line":276,"column":92}},{"start":{"line":276,"column":96},"end":{"line":276,"column":98}}]},"18":{"line":323,"type":"if","locations":[{"start":{"line":323,"column":2},"end":{"line":323,"column":2}},{"start":{"line":323,"column":2},"end":{"line":323,"column":2}}]},"19":{"line":340,"type":"if","locations":[{"start":{"line":340,"column":2},"end":{"line":340,"column":2}},{"start":{"line":340,"column":2},"end":{"line":340,"column":2}}]},"20":{"line":350,"type":"if","locations":[{"start":{"line":350,"column":2},"end":{"line":350,"column":2}},{"start":{"line":350,"column":2},"end":{"line":350,"column":2}}]},"21":{"line":352,"type":"if","locations":[{"start":{"line":352,"column":4},"end":{"line":352,"column":4}},{"start":{"line":352,"column":4},"end":{"line":352,"column":4}}]},"22":{"line":354,"type":"if","locations":[{"start":{"line":354,"column":6},"end":{"line":354,"column":6}},{"start":{"line":354,"column":6},"end":{"line":354,"column":6}}]},"23":{"line":362,"type":"if","locations":[{"start":{"line":362,"column":2},"end":{"line":362,"column":2}},{"start":{"line":362,"column":2},"end":{"line":362,"column":2}}]},"24":{"line":370,"type":"cond-expr","locations":[{"start":{"line":370,"column":29},"end":{"line":370,"column":68}},{"start":{"line":370,"column":71},"end":{"line":370,"column":73}}]},"25":{"line":435,"type":"if","locations":[{"start":{"line":435,"column":2},"end":{"line":435,"column":2}},{"start":{"line":435,"column":2},"end":{"line":435,"column":2}}]},"26":{"line":456,"type":"if","locations":[{"start":{"line":456,"column":4},"end":{"line":456,"column":4}},{"start":{"line":456,"column":4},"end":{"line":456,"column":4}}]},"27":{"line":474,"type":"if","locations":[{"start":{"line":474,"column":2},"end":{"line":474,"column":2}},{"start":{"line":474,"column":2},"end":{"line":474,"column":2}}]},"28":{"line":478,"type":"if","locations":[{"start":{"line":478,"column":2},"end":{"line":478,"column":2}},{"start":{"line":478,"column":2},"end":{"line":478,"column":2}}]},"29":{"line":486,"type":"cond-expr","locations":[{"start":{"line":486,"column":29},"end":{"line":486,"column":31}},{"start":{"line":486,"column":34},"end":{"line":486,"column":48}}]},"30":{"line":533,"type":"if","locations":[{"start":{"line":533,"column":4},"end":{"line":533,"column":4}},{"start":{"line":533,"column":4},"end":{"line":533,"column":4}}]},"31":{"line":533,"type":"binary-expr","locations":[{"start":{"line":533,"column":8},"end":{"line":533,"column":31}},{"start":{"line":533,"column":35},"end":{"line":533,"column":57}}]},"32":{"line":541,"type":"if","locations":[{"start":{"line":541,"column":2},"end":{"line":541,"column":2}},{"start":{"line":541,"column":2},"end":{"line":541,"column":2}}]},"33":{"line":541,"type":"binary-expr","locations":[{"start":{"line":541,"column":6},"end":{"line":541,"column":18}},{"start":{"line":541,"column":22},"end":{"line":541,"column":45}}]}},"code":["'use strict'","","var path = require('path')","var fs = require('fs')","var RSVP = require('rsvp')","var tmp = require('tmp')","var rimraf = require('rimraf')","var underscoreString = require('underscore.string')","var WatchedDir = require('broccoli-source').WatchedDir","var broccoliNodeInfo = require('broccoli-node-info
[...]
n":4}},"68":{"start":{"line":102,"column":4},"end":{"line":102,"column":38}},"69":{"start":{"line":106,"column":0},"end":{"line":118,"column":1}},"70":{"start":{"line":107,"column":2},"end":{"line":107,"column":17}},"71":{"start":{"line":109,"column":2},"end":{"line":112,"column":3}},"72":{"start":{"line":110,"column":4},"end":{"line":110,"column":53}},"73":{"start":{"line":111,"column":4},"end":{"line":111,"column":10}},"74":{"start":{"line":113,"column":2},"end":{"line":117,"column":4}},"75":{"start":{"line":114,"column":4},"end":{"line":114,"column":36}},"76":{"start":{"line":116,"column":4},"end":{"line":116,"column":38}},"77":{"start":{"line":120,"column":0},"end":{"line":134,"column":1}},"78":{"start":{"line":121,"column":2},"end":{"line":121,"column":17}},"79":{"start":{"line":123,"column":2},"end":{"line":123,"column":23}},"80":{"start":{"line":124,"column":2},"end":{"line":124,"column":27}},"81":{"start":{"line":126,"column":2},"end":{"line":133,"column":4}},"82":{"start":{"line":127,"column":4},"end":{"line":127,"column":37}},"83":{"start":{"line":130,"column":4},"end":{"line":130,"column":64}},"84":{"start":{"line":132,"column":4},"end":{"line":132,"column":27}}},"branchMap":{"1":{"line":13,"type":"binary-expr","locations":[{"start":{"line":13,"column":17},"end":{"line":13,"column":24}},{"start":{"line":13,"column":28},"end":{"line":13,"column":30}}]},"2":{"line":14,"type":"if","locations":[{"start":{"line":14,"column":2},"end":{"line":14,"column":2}},{"start":{"line":14,"column":2},"end":{"line":14,"column":2}}]},"3":{"line":29,"type":"if","locations":[{"start":{"line":29,"column":2},"end":{"line":29,"column":2}},{"start":{"line":29,"column":2},"end":{"line":29,"column":2}}]},"4":{"line":50,"type":"if","locations":[{"start":{"line":50,"column":2},"end":{"line":50,"column":2}},{"start":{"line":50,"column":2},"end":{"line":50,"column":2}}]},"5":{"line":54,"type":"if","locations":[{"start":{"line":54,"column":2},"end":{"line":54,"column":2}},{"start":{"line":54,"column":2},"end":{"line":54,"column":2}}]},"6":{"line":62,"type":"if","locations":[{"start":{"line":62,"column":4},"end":{"line":62,"column":4}},{"start":{"line":62,"column":4},"end":{"line":62,"column":4}}]},"7":{"line":100,"type":"if","locations":[{"start":{"line":100,"column":2},"end":{"line":100,"column":2}},{"start":{"line":100,"column":2},"end":{"line":100,"column":2}}]},"8":{"line":109,"type":"if","locations":[{"start":{"line":109,"column":2},"end":{"line":109,"column":2}},{"start":{"line":109,"column":2},"end":{"line":109,"column":2}}]}},"code":["'use strict'","","var RSVP = require('rsvp')","var WatcherAdapter = require('./watcher_adapter')","var logger = require('heimdalljs-logger')('broccoli:watcher')","","// This Watcher handles all the Broccoli logic, such as debouncing. The","// WatcherAdapter handles I/O via the sane package, and could be pluggable in","// principle.","","module.exports = Watcher","function Watcher(builder, options) {","  this.options = options || {}","  if (this.options.debounce == null) this.options.debounce = 100","  this.builder = builder","  this.watcherAdapter = new WatcherAdapter(this.options.saneOptions)","  this.currentBuild = null","  this._rebuildScheduled = false","  this._ready = false","  this._quitting = false","  this._lifetimeDeferred = null","}","","RSVP.EventTarget.mixin(Watcher.prototype)","","Watcher.prototype.start = function() {","  var self = this","","  if (this._lifetimeDeferred != null) throw new Error('Watcher.prototype.start() must not be called more than once')","  this._lifetimeDeferred = RSVP.defer()","","  this.watcherAdapter.on('change', this._change.bind(this))","  this.watcherAdapter.on('error', this._error.bind(this))","  RSVP.resolve().then(function() {","    return self.watcherAdapter.watch(self.builder.watchedPaths)","  }).then(function() {","    logger.debug('ready')","    self._ready = true","    self.currentBuild = self._build()","  }).catch(function(err) {","    self._error(err)","  })","","  return this._lifetimeDeferred.promise","}","","Watcher.prototype._change = function() {","  var self = this","","  if (!this._ready) {","    logger.debug('change', 'ignored: before ready')","    return","  }","  if (this._rebuildScheduled) {","    logger.debug('change', 'ignored: rebuild scheduled already')","    return","  }","  logger.debug('change')","  this._rebuildScheduled = true","  // Wait for current build, and ignore build failure","  RSVP.resolve(this.currentBuild).catch(function() { }).then(function() {","    if (self._quitting) return","    var buildPromise = new RSVP.Promise(function(resolve, reject) {","      logger.debug('debounce')","      self.trigger('debounce')","      setTimeout(resolve, self.options.debounce)","    }).then(function() {","      // Only set _rebuildScheduled to false *after* the setTimeout so that","      // change events during the setTimeout don't trigger a second rebuild","      self._rebuildScheduled = false","      return self._build()","    })","    self.currentBuild = buildPromise","  })","}","","Watcher.prototype._build = function() {","  var self = this","","  logger.debug('buildStart')","  this.trigger('buildStart')","  var buildPromise = self.builder.build()","  // Trigger change/error events. Importantly, if somebody else chains to","  // currentBuild, their callback will come after our events have","  // triggered, because we registered our callback first.","  buildPromise.then(function() {","    logger.debug('buildSuccess')","    self.trigger('buildSuccess')","  }, function(err) {","    logger.debug('buildFailure')","    self.trigger('buildFailure', err)","  })","  return buildPromise","}","","Watcher.prototype._error = function(err) {","  var self = this","","  logger.debug('error', err)","  if (this._quitting) return","  this._quit().catch(function() { }).then(function() {","    self._lifetimeDeferred.reject(err)","  })","}","","Watcher.prototype.quit = function() {","  var self = this","","  if (this._quitting) {","    logger.debug('quit', 'ignored: already quitting')","    return","  }","  this._quit().then(function() {","    self._lifetimeDeferred.resolve()","  }, function(err) {","    self._lifetimeDeferred.reject(err)","  })","}","","Watcher.prototype._quit = function(err) {","  var self = this","","  this._quitting = true","  logger.debug('quitStart')","","  return RSVP.resolve().then(function() {","    return self.watcherAdapter.quit()","  }).finally(function() {","    // Wait for current build, and ignore build failure","    return RSVP.resolve(self.currentBuild).catch(function() { })","  }).finally(function() {","    logger.debug('quitEnd')","  })","}",""],"l":{"3":1,"4":1,"5":1,"11":1,"12":1,"13":0,"14":0,"15":0,"16":0,"17":0,"18":0,"19":0,"20":0,"21":0,"24":1,"26":1,"27":0,"29":0,"30":0,"32":0,"33":0,"34":0,"35":0,"37":0,"38":0,"39":0,"41":0,"44":0,"47":1,"48":0,"50":0,"51":0,"52":0,"54":0,"55":0,"56":0,"58":0,"59":0,"61":0,"62":0,"63":0,"64":0,"65":0,"66":0,"70":0,"71":0,"73":0,"77":1,"78":0,"80":0,"81":0,"82":0,"86":0,"87":0,"88":0,"90":0,"91":0,"93":0,"96":1,"97":0,"99":0,"100":0,"101":0,"102":0,"106":1,"107":0,"109":0,"110":0,"111":0,"113":0,"114":0,"116":0,"120":1,"121":0,"123":0,"124":0,"126":0,"127":0,"130":0,"132":0}},"/home/travis/build/npmtest/node-npmtest-broccoli/broccoli/lib/watcher_adapter.js":{"path":"/home/travis/build/npmtest/node-npmtest-broccoli/broccoli/lib/watcher_adapter.js","s":{"1":1,"2":1,"3":1,"4":1,"5":0,"6":1,"7":1,"8":1,"9":0,"10":0,"11":1,"12":0,"13":0,"14":0,"15":0,"16":0,"17":1,"18":0,"19":0,"20":0,"21":0,"22":0,"23":0,"24":0,"25":0,"26":0,"27":0,"28":0,"29":0,"30":0,"31":0,"32":0,"33":0,"34":1,"35":0,"36":0},"b":{"1":[0,0],"2":[0,0]},"f":{"1":0,"2":0,"3":0,"4":0,"5":0,"6":0,"7":0,"8":0,"9":0,"10":0},"fnMap":{"1":{"name":"defaultFilterFunction","line":6,"loc":{"start":{"line":6,"column":0},"end":{"line":6,"column":37}}},"2":{"name":"WatcherAdapter","line":12,"loc":{"start":{"line":12,"column":0},"end":{"line":12,"column":33}}},"3":{"name":"(anonymous_3)","line":17,"loc":{"start":{"line":17,"column":33},"end":{"line":17,"column":56}}},"4":{"name":"(anonymous_4)","line":22,"loc":{"start":{"line":22,"column":23},"end":{"line":22,"column":45}}},"5":{"name":"bindFileEvent","line":24,"loc":{"start":{"line":24,"column":4},"end":{"line":24,"column":34}}},"6":{"name":"(anonymous_6)","line":25,"loc":{"start":{"line":25,"column":24},"end":{"line":25,"column":55}}},"7":{"name":"(anonymous_7)","line":33,"loc":{"start":{"line":33,"column":24},"end":{"line":33,"column":38}}},"8":{"name":"(anonymous_8)","line":37,"loc":{"start":{"line":37,"column":40},"end":{"line":37,"column":66}}},"9":{"name":"(anonymous_9)","line":38,"loc":{"start":{"line":38,"column":26},"end":{"line":38,"column":37}}},"10":{"name":"(anonymous_10)","line":49,"loc":{"start":{"line":49,"column":32},"end":{"line":49,"column":44}}}},"statementMap":{"1":{"start":{"line":1,"column":0},"end":{"line":1,"column":26}},"2":{"start":{"line":2,"column":0},"end":{"line":2,"column":26}},"3":{"start":{"line":3,"column":0},"end":{"line":3,"column":68}},"4":{"start":{"line":6,"column":0},"end":{"line":8,"column":1}},"5":{"start":{"line":7,"column":2},"end":{"line":7,"column":28}},"6":{"start":{"line":10,"column":0},"end":{"line":10,"column":31}},"7":{"start":{"line":11,"column":0},"end":{"line":11,"column":48}},"8":{"start":{"line":12,"column":0},"end":{"line":15,"column":1}},"9":{"start":{"line":13,"column":2},"end":{"line":13,"column":30}},"10":{"start":{"line":14,"column":2},"end":{"line":14,"column":68}},"11":{"start":{"line":17,"column":0},"end":{"line":47,"column":1}},"12":{"start":{"line":18,"column":2},"end":{"line":18,"column":17}},"13":{"start":{"line":20,"column":2},"end":{"line":20,"column":20}},"14":{"start":{"line":21,"column":2},"end":{"line":21,"column":25}},"15":{"start":{"line":22,"column":2},"end":{"line":45,"column":4}},"16":{"start":{"line":23,"column":4},"end":{"line":23,"column":53}},"17":{"start":{"line":24,"column":4},"end":{"line":29,"column":5}},"18":{"start":{"line":25,"column":6},"end":{"line":28,"column":8}},"19":{"start":{"line":26,"column":8},"end":{"line":26,"column":50}},"20":{"start":{"line":27,"column":8},"end":{"line":27,"column":30}},"21":{"start":{"line":30,"column":4},"end":{"line":30,"column":27}},"22":{"start":{"line":31,"column":4},"end":{"line":31,"column":24}},"23":{"start":{"line":32,"column":4},"end":{"line":32,"column":27}},"24":{"start":{"line":33,"column":4},"end":{"line":36,"column":6}},"25":{"start":{"line":34,"column":6},"end":{"line":34,"column":32}},"26":{"start":{"line":35,"column":6},"end":{"line":35,"column":32}},"27":{"start":{"line":37,"column":4},"end":{"line":42,"column":6}},"28":{"start":{"line":38,"column":6},"end":{"line":41,"column":8}},"29":{"start":{"line":39,"column":8},"end":{"line":39,"column":42}},"30":{"start":{"line":40,"column":8},"end":{"line":40,"column":17}},"31":{"start":{"line":43,"column":4},"end":{"line":43,"column":31}},"32":{"start":{"line":44,"column":4},"end":{"line":44,"column":41}},"33":{"start":{"line":46,"column":2},"end":{"line":46,"column":45}},"34":{"start":{"line":49,"column":0},"end":{"line":53,"column":1}},"35":{"start":{"line":50,"column":2},"end":{"line":52,"column":3}},"36":{"start":{"line":51,"column":4},"end":{"line":51,"column":28}}},"branchMap":{"1":{"line":13,"type":"binary-expr","locations":[{"start":{"line":13,"column":17},"end":{"line":13,"column":24}},{"start":{"line":13,"column":28},"end":{"line":13,"column":30}}]},"2":{"line":14,"type":"binary-expr","locations":[{"start":{"line":14,"column":24},"end":{"line":14,"column":43}},{"start":{"line":14,"column":47},"end":{"line":14,"column":68}}]}},"code":["var sane = require('sane')","var RSVP = require('rsvp')","var logger = require('heimdalljs-logger')('broccoli:watcherAdapter')","","","function defaultFilterFunction(name) {","  return /^[^\\.]/.test(name)","}","","module.exports = WatcherAdapter","RSVP.EventTarget.mixin(WatcherAdapter.prototype)","function WatcherAdapter(options) {","  this.options = options || {}","  this.options.filter = this.options.filter || defaultFilterFunction","}","","WatcherAdapter.prototype.watch = function(watchedPaths) {","  var self = this","","  this.watchers = []","  this.readyPromises = []","  watchedPaths.forEach(function(watchedPath) {","    var watcher = new sane(watchedPath, self.options)","    function bindFileEvent(event) {","      watcher.on(event, function(filepath, root, stat) {","        logger.debug(event, root + '/' + filepath)","        self.trigger('change')","      })","    }","    bindFileEvent('change')","    bindFileEvent('add')","    bindFileEvent('delete')","    watcher.on('error', function(err) {","      logger.debug('error', err)","      self.trigger('error', err)","    })","    var readyPromise = new RSVP.Promise(function(resolve, reject) {","      watcher.on('ready', function() {","        logger.debug('ready', watchedPath)","        resolve()","      })","    })","    self.watchers.push(watcher)","    self.readyPromises.push(readyPromise)","  })","  return RSVP.Promise.all(this.readyPromises)","}","","WatcherAdapter.prototype.quit = function () {","  for (var i = 0; i < this.watchers.length; i++) {","    this.watchers[i].close()","  }","}",""],"l":{"1":1,"2":1,"3":1,"6":1,"7":0,"10":1,"11":1,"12":1,"13":0,"14":0,"17":1,"18":0,"20":0,"21":0,"22":0,"23":0,"24":1,"25":0,"26":0,"27":0,"30":0,"31":0,"32":0,"33":0,"34":0,"35":0,"37":0,"38":0,"39":0,"40":0,"43":0,"44":0,"46":0,"49":1,"50":0,"51":0}},"/home/travis/build/npmtest/node-npmtest-broccoli/broccoli/lib/cli.js":{"path":"/home/travis/build/npmtest/node-npmtest-broccoli/broccoli/lib/cli.js","s":{"1":1,"2":1,"3":1,"4":1,"5":1,"6":1,"7":1,"8":0,"9":0,"10":0,"11":0,"12":0,"13":0,"14":0,"15":0,"16":0,"17":0,"18":0,"19":0,"20":0,"21":0,"22":0,"23":0,"24":0,"25":0,"26":0,"27":0,"28":0,"29":0,"30":0,"31":0,"32":1,"33":0,"34":0},"b":{"1":[0,0],"2":[0,0],"3":[0,0]},"f":{"1":0,"2":0,"3":0,"4":0,"5":0,"6":0,"7":0,"8":0},"fnMap":{"1":{"name":"broccoliCLI","line":10,"loc":{"start":{"line":10,"column":0},"end":{"line":10,"column":24}}},"2":{"name":"(anonymous_2)","line":20,"loc":{"start":{"line":20,"column":12},"end":{"line":20,"column":30}}},"3":{"name":"(anonymous_3)","line":27,"loc":{"start":{"line":27,"column":12},"end":{"line":27,"column":32}}},"4":{"name":"(anonymous_4)","line":35,"loc":{"start":{"line":35,"column":14},"end":{"line":35,"column":25}}},"5":{"name":"(anonymous_5)","line":38,"loc":{"start":{"line":38,"column":17},"end":{"line":38,"column":29}}},"6":{"name":"(anonymous_6)","line":41,"loc":{"start":{"line":41,"column":14},"end":{"line":41,"column":26}}},"7":{"name":"(anonymous_7)","line":44,"loc":{"start":{"line":44,"column":15},"end":{"line":44,"column":30}}},"8":{"name":"getBuilder","line":62,"loc":{"start":{"line":62,"column":0},"end":{"line":62,"column":23}}}},"statementMap":{"1":{"start":{"line":1,"column":0},"end":{"line":1,"column":22}},"2":{"start":{"line":2,"column":0},"end":{"line":2,"column":34}},"3":{"start":{"line":3,"column":0},"end":{"line":3,"column":58}},"4":{"start":{"line":5,"column":0},"end":{"line":5,"column":33}},"5":{"start":{"line":6,"column":0},"end":{"line":6,"column":34}},"6":{"start":{"line":9,"column":0},"end":{"line":9,"column":28}},"7":{"start":{"line":10,"column":0},"end":{"line":60,"column":1}},"8":{"start":{"line":11,"column":2},"end":{"line":11,"column":29}},"9":{"start":{"line":12,"column":2},"end":{"line":14,"column":46}},"10":{"start":{"line":16,"column":2},"end":{"line":23,"column":6}},"11":{"start":{"line":21,"column":6},"end":{"line":21,"column":28}},"12":{"start":{"line":22,"column":6},"end":{"line":22,"column":96}},"13":{"start":{"line":25,"column":2},"end":{"line":53,"column":6}},"14":{"start":{"line":28,"column":6},"end":{"line":28,"column":28}},"15":{"start":{"line":29,"column":6},"end":{"line":32,"column":7}},"16":{"start":{"line":30,"column":8},"end":{"line":30,"column":97}},"17":{"start":{"line":31,"column":8},"end":{"line":31,"column":23}},"18":{"start":{"line":33,"column":6},"end":{"line":33,"column":32}},"19":{"start":{"line":34,"column":6},"end":{"line":52,"column":10}},"20":{"start":{"line":36,"column":10},"end":{"line":36,"column":60}},"21":{"start":{"line":39,"column":10},"end":{"line":39,"column":34}},"22":{"start":{"line":42,"column":10},"end":{"line":42,"column":25}},"23":{"start":{"line":46,"column":10},"end":{"line":48,"column":11}},"24":{"start":{"line":47,"column":12},"end":{"line":47,"column":46}},"25":{"start":{"line":49,"column":10},"end":{"line":49,"column":34}},"26":{"start":{"line":50,"column":10},"end":{"line":50,"column":41}},"27":{"start":{"line":51,"column":10},"end":{"line":51,"column":25}},"28":{"start":{"line":55,"column":2},"end":{"line":55,"column":29}},"29":{"start":{"line":56,"column":2},"end":{"line":59,"column":3}},"30":{"start":{"line":57,"column":4},"end":{"line":57,"column":24}},"31":{"start":{"line":58,"column":4},"end":{"line":58,"column":19}},"32":{"start":{"line":62,"column":0},"end":{"line":65,"column":1}},"33":{"start":{"line":63,"column":2},"end":{"line":63,"column":36}},"34":{"start":{"line":64,"column":2},"end":{"line":64,"column":35}}},"branchMap":{"1":{"line":29,"type":"if","locations":[{"start":{"line":29,"column":6},"end":{"line":29,"column":6}},{"start":{"line":29,"column":6},"end":{"line":29,"column":6}}]},"2":{"line":46,"type":"if","locations":[{"start":{"line":46,"column":10},"end":{"line":46,"column":10}},{"start":{"line":46,"column":10},"end":{"line":46,"column":10}}]},"3":{"line":56,"type":"if","locations":[{"start":{"line":56,"column":2},"end":{"line":56,"column":2}},{"start":{"line":56,"column":2},"end":{"line":56,"column":2}}]}},"code":["var fs = require('fs')","var program = require('commander')","var copyDereferenceSync = require('copy-dereference').sync","","var broccoli = require('./index')","var Watcher = require('./watcher')","","","module.exports = broccoliCLI","function broccoliCLI () {","  var actionPerformed = false","  program","    .version(JSON.parse(fs.readFileSync(__dirname + '/../package.json', 'utf8')).version)","    .usage('[options] <command> [<args ...>]')","","  program.command('serve')","    .description('start a broccoli server')","    .option('--port <port>', 'the port to bind to [4200]', 4200)","    .option('--host <host>', 'the host to bind to [localhost]', 'localhost')","    .action(function(options) {","      actionPerformed = true","      broccoli.server.serve(new Watcher(getBuilder()), options.host, parseInt(options.port, 10))","    })","","  program.command('build <target>')","    .description('output files to target directory')","    .action(function(outputDir) {","      actionPerformed = true","      if (fs.existsSync(outputDir)) {","        console.error(outputDir + '/ already exists; we cannot build into an existing directory')","        process.exit(1)","      }","      var builder = getBuilder()","      builder.build()","        .then(function() {","          copyDereferenceSync(builder.outputPath, outputDir)","        })","        .finally(function () {","          return builder.cleanup()","        })","        .then(function () {","          process.exit(0)","        })","        .catch(function (err) {","          // Should show file and line/col if present","          if (err.file) {","            console.error('File: ' + err.file)","          }","          console.error(err.stack)","          console.error('\\nBuild failed')","          process.exit(1)","        })","    })","","  program.parse(process.argv)","  if(!actionPerformed) {","    program.outputHelp()","    process.exit(1)","  }","}","","function getBuilder () {","  var node = broccoli.loadBrocfile()","  return new broccoli.Builder(node)","}",""],"l":{"1":1,"2":1,"3":1,"5":1,"6":1,"9":1,"10":1,"11":0,"12":0,"16":0,"21":0,"22":0,"25":0,"28":0,"29":0,"30":0,"31":0,"33":0,"34":0,"36":0,"39":0,"42":0,"46":0,"47":0,"49":0,"50":0,"51":0,"55":0,"56":0,"57":0,"58":0,"62":1,"63":0,"64":0}}}